2019-05-09 19:51:01 [ERROR] [] --> com.wq.mqtttrabbitmq.rabbitmq.listener.ListenerStorage.onMessagePriority2(ListenerStorage.java:247)[massage] onMessagePriority2消费消息失败，id=1,level=6,message=MailMessageModel(id=1, to=853280347@qq.com, subject=测试RabbitMQ发送邮件5555, text=<html><head></head><body><h1>邮件测试</h1><p>hello!this is mail test。</p></body></html>, level=6)
java.lang.ArithmeticException: / by zero
	at com.wq.mqtttrabbitmq.rabbitmq.listener.ListenerStorage.onMessagePriority2(ListenerStorage.java:235) ~[classes/:?]
	at sun.reflect.GeneratedMethodAccessor256.invoke(Unknown Source) ~[?:?]
	at sun.reflect.DelegatingMethodAccessorImpl.invoke(DelegatingMethodAccessorImpl.java:45005) ~[?:1.8.0_201]
	at java.lang.reflect.Method.invoke(Method.java:498) ~[?:1.8.0_201]
	at org.springframework.messaging.handler.invocation.InvocableHandlerMethod.doInvoke(InvocableHandlerMethod.java:170) ~[spring-messaging-5.1.6.RELEASE.jar:5.1.6.RELEASE]
	at org.springframework.messaging.handler.invocation.InvocableHandlerMethod.invoke(InvocableHandlerMethod.java:120) ~[spring-messaging-5.1.6.RELEASE.jar:5.1.6.RELEASE]
	at org.springframework.amqp.rabbit.listener.adapter.HandlerAdapter.invoke(HandlerAdapter.java:49) ~[spring-rabbit-2.1.5.RELEASE.jar:2.1.5.RELEASE]
	at org.springframework.amqp.rabbit.listener.adapter.MessagingMessageListenerAdapter.invokeHandler(MessagingMessageListenerAdapter.java:190) ~[spring-rabbit-2.1.5.RELEASE.jar:2.1.5.RELEASE]
	at org.springframework.amqp.rabbit.listener.adapter.MessagingMessageListenerAdapter.onMessage(MessagingMessageListenerAdapter.java:127) ~[spring-rabbit-2.1.5.RELEASE.jar:2.1.5.RELEASE]
	at org.springframework.amqp.rabbit.listener.AbstractMessageListenerContainer.doInvokeListener(AbstractMessageListenerContainer.java:1552) ~[spring-rabbit-2.1.5.RELEASE.jar:2.1.5.RELEASE]
	at org.springframework.amqp.rabbit.listener.AbstractMessageListenerContainer.actualInvokeListener(AbstractMessageListenerContainer.java:1478) ~[spring-rabbit-2.1.5.RELEASE.jar:2.1.5.RELEASE]
	at org.springframework.amqp.rabbit.listener.AbstractMessageListenerContainer.invokeListener(AbstractMessageListenerContainer.java:1466) [spring-rabbit-2.1.5.RELEASE.jar:2.1.5.RELEASE]
	at org.springframework.amqp.rabbit.listener.AbstractMessageListenerContainer.doExecuteListener(AbstractMessageListenerContainer.java:1461) [spring-rabbit-2.1.5.RELEASE.jar:2.1.5.RELEASE]
	at org.springframework.amqp.rabbit.listener.AbstractMessageListenerContainer.executeListener(AbstractMessageListenerContainer.java:1410) [spring-rabbit-2.1.5.RELEASE.jar:2.1.5.RELEASE]
	at org.springframework.amqp.rabbit.listener.SimpleMessageListenerContainer.doReceiveAndExecute(SimpleMessageListenerContainer.java:870) [spring-rabbit-2.1.5.RELEASE.jar:2.1.5.RELEASE]
	at org.springframework.amqp.rabbit.listener.SimpleMessageListenerContainer.receiveAndExecute(SimpleMessageListenerContainer.java:854) [spring-rabbit-2.1.5.RELEASE.jar:2.1.5.RELEASE]
	at org.springframework.amqp.rabbit.listener.SimpleMessageListenerContainer.access$1600(SimpleMessageListenerContainer.java:78) [spring-rabbit-2.1.5.RELEASE.jar:2.1.5.RELEASE]
	at org.springframework.amqp.rabbit.listener.SimpleMessageListenerContainer$AsyncMessageProcessingConsumer.mainLoop(SimpleMessageListenerContainer.java:1137) [spring-rabbit-2.1.5.RELEASE.jar:2.1.5.RELEASE]
	at org.springframework.amqp.rabbit.listener.SimpleMessageListenerContainer$AsyncMessageProcessingConsumer.run(SimpleMessageListenerContainer.java:1043) [spring-rabbit-2.1.5.RELEASE.jar:2.1.5.RELEASE]
	at java.lang.Thread.run(Thread.java:748) [?:1.8.0_201]
2019-05-09 19:51:01 [ERROR] [] --> com.wq.mqtttrabbitmq.rabbitmq.listener.ListenerStorage.onMessagePriority2(ListenerStorage.java:247)[massage] onMessagePriority2消费消息失败，id=0,level=3,message=MailMessageModel(id=0, to=853280347@qq.com, subject=测试RabbitMQ发送邮件5555, text=<html><head></head><body><h1>邮件测试</h1><p>hello!this is mail test。</p></body></html>, level=3)
java.lang.ArithmeticException: / by zero
	at com.wq.mqtttrabbitmq.rabbitmq.listener.ListenerStorage.onMessagePriority2(ListenerStorage.java:235) ~[classes/:?]
	at sun.reflect.GeneratedMethodAccessor257.invoke(Unknown Source) ~[?:?]
	at sun.reflect.DelegatingMethodAccessorImpl.invoke(DelegatingMethodAccessorImpl.java:45005) ~[?:1.8.0_201]
	at java.lang.reflect.Method.invoke(Method.java:498) ~[?:1.8.0_201]
	at org.springframework.messaging.handler.invocation.InvocableHandlerMethod.doInvoke(InvocableHandlerMethod.java:170) ~[spring-messaging-5.1.6.RELEASE.jar:5.1.6.RELEASE]
	at org.springframework.messaging.handler.invocation.InvocableHandlerMethod.invoke(InvocableHandlerMethod.java:120) ~[spring-messaging-5.1.6.RELEASE.jar:5.1.6.RELEASE]
	at org.springframework.amqp.rabbit.listener.adapter.HandlerAdapter.invoke(HandlerAdapter.java:49) ~[spring-rabbit-2.1.5.RELEASE.jar:2.1.5.RELEASE]
	at org.springframework.amqp.rabbit.listener.adapter.MessagingMessageListenerAdapter.invokeHandler(MessagingMessageListenerAdapter.java:190) ~[spring-rabbit-2.1.5.RELEASE.jar:2.1.5.RELEASE]
	at org.springframework.amqp.rabbit.listener.adapter.MessagingMessageListenerAdapter.onMessage(MessagingMessageListenerAdapter.java:127) ~[spring-rabbit-2.1.5.RELEASE.jar:2.1.5.RELEASE]
	at org.springframework.amqp.rabbit.listener.AbstractMessageListenerContainer.doInvokeListener(AbstractMessageListenerContainer.java:1552) ~[spring-rabbit-2.1.5.RELEASE.jar:2.1.5.RELEASE]
	at org.springframework.amqp.rabbit.listener.AbstractMessageListenerContainer.actualInvokeListener(AbstractMessageListenerContainer.java:1478) ~[spring-rabbit-2.1.5.RELEASE.jar:2.1.5.RELEASE]
	at org.springframework.amqp.rabbit.listener.AbstractMessageListenerContainer.invokeListener(AbstractMessageListenerContainer.java:1466) [spring-rabbit-2.1.5.RELEASE.jar:2.1.5.RELEASE]
	at org.springframework.amqp.rabbit.listener.AbstractMessageListenerContainer.doExecuteListener(AbstractMessageListenerContainer.java:1461) [spring-rabbit-2.1.5.RELEASE.jar:2.1.5.RELEASE]
	at org.springframework.amqp.rabbit.listener.AbstractMessageListenerContainer.executeListener(AbstractMessageListenerContainer.java:1410) [spring-rabbit-2.1.5.RELEASE.jar:2.1.5.RELEASE]
	at org.springframework.amqp.rabbit.listener.SimpleMessageListenerContainer.doReceiveAndExecute(SimpleMessageListenerContainer.java:870) [spring-rabbit-2.1.5.RELEASE.jar:2.1.5.RELEASE]
	at org.springframework.amqp.rabbit.listener.SimpleMessageListenerContainer.receiveAndExecute(SimpleMessageListenerContainer.java:854) [spring-rabbit-2.1.5.RELEASE.jar:2.1.5.RELEASE]
	at org.springframework.amqp.rabbit.listener.SimpleMessageListenerContainer.access$1600(SimpleMessageListenerContainer.java:78) [spring-rabbit-2.1.5.RELEASE.jar:2.1.5.RELEASE]
	at org.springframework.amqp.rabbit.listener.SimpleMessageListenerContainer$AsyncMessageProcessingConsumer.mainLoop(SimpleMessageListenerContainer.java:1137) [spring-rabbit-2.1.5.RELEASE.jar:2.1.5.RELEASE]
	at org.springframework.amqp.rabbit.listener.SimpleMessageListenerContainer$AsyncMessageProcessingConsumer.run(SimpleMessageListenerContainer.java:1043) [spring-rabbit-2.1.5.RELEASE.jar:2.1.5.RELEASE]
	at java.lang.Thread.run(Thread.java:748) [?:1.8.0_201]
2019-05-09 19:51:01 [ERROR] [] --> com.wq.mqtttrabbitmq.rabbitmq.listener.ListenerStorage.onMessagePriority2(ListenerStorage.java:247)[massage] onMessagePriority2消费消息失败，id=2,level=3,message=MailMessageModel(id=2, to=853280347@qq.com, subject=测试RabbitMQ发送邮件5555, text=<html><head></head><body><h1>邮件测试</h1><p>hello!this is mail test。</p></body></html>, level=3)
java.lang.ArithmeticException: / by zero
	at com.wq.mqtttrabbitmq.rabbitmq.listener.ListenerStorage.onMessagePriority2(ListenerStorage.java:235) ~[classes/:?]
	at sun.reflect.GeneratedMethodAccessor256.invoke(Unknown Source) ~[?:?]
	at sun.reflect.DelegatingMethodAccessorImpl.invoke(DelegatingMethodAccessorImpl.java:45005) ~[?:1.8.0_201]
	at java.lang.reflect.Method.invoke(Method.java:498) ~[?:1.8.0_201]
	at org.springframework.messaging.handler.invocation.InvocableHandlerMethod.doInvoke(InvocableHandlerMethod.java:170) ~[spring-messaging-5.1.6.RELEASE.jar:5.1.6.RELEASE]
	at org.springframework.messaging.handler.invocation.InvocableHandlerMethod.invoke(InvocableHandlerMethod.java:120) ~[spring-messaging-5.1.6.RELEASE.jar:5.1.6.RELEASE]
	at org.springframework.amqp.rabbit.listener.adapter.HandlerAdapter.invoke(HandlerAdapter.java:49) ~[spring-rabbit-2.1.5.RELEASE.jar:2.1.5.RELEASE]
	at org.springframework.amqp.rabbit.listener.adapter.MessagingMessageListenerAdapter.invokeHandler(MessagingMessageListenerAdapter.java:190) ~[spring-rabbit-2.1.5.RELEASE.jar:2.1.5.RELEASE]
	at org.springframework.amqp.rabbit.listener.adapter.MessagingMessageListenerAdapter.onMessage(MessagingMessageListenerAdapter.java:127) ~[spring-rabbit-2.1.5.RELEASE.jar:2.1.5.RELEASE]
	at org.springframework.amqp.rabbit.listener.AbstractMessageListenerContainer.doInvokeListener(AbstractMessageListenerContainer.java:1552) ~[spring-rabbit-2.1.5.RELEASE.jar:2.1.5.RELEASE]
	at org.springframework.amqp.rabbit.listener.AbstractMessageListenerContainer.actualInvokeListener(AbstractMessageListenerContainer.java:1478) ~[spring-rabbit-2.1.5.RELEASE.jar:2.1.5.RELEASE]
	at org.springframework.amqp.rabbit.listener.AbstractMessageListenerContainer.invokeListener(AbstractMessageListenerContainer.java:1466) [spring-rabbit-2.1.5.RELEASE.jar:2.1.5.RELEASE]
	at org.springframework.amqp.rabbit.listener.AbstractMessageListenerContainer.doExecuteListener(AbstractMessageListenerContainer.java:1461) [spring-rabbit-2.1.5.RELEASE.jar:2.1.5.RELEASE]
	at org.springframework.amqp.rabbit.listener.AbstractMessageListenerContainer.executeListener(AbstractMessageListenerContainer.java:1410) [spring-rabbit-2.1.5.RELEASE.jar:2.1.5.RELEASE]
	at org.springframework.amqp.rabbit.listener.SimpleMessageListenerContainer.doReceiveAndExecute(SimpleMessageListenerContainer.java:870) [spring-rabbit-2.1.5.RELEASE.jar:2.1.5.RELEASE]
	at org.springframework.amqp.rabbit.listener.SimpleMessageListenerContainer.receiveAndExecute(SimpleMessageListenerContainer.java:854) [spring-rabbit-2.1.5.RELEASE.jar:2.1.5.RELEASE]
	at org.springframework.amqp.rabbit.listener.SimpleMessageListenerContainer.access$1600(SimpleMessageListenerContainer.java:78) [spring-rabbit-2.1.5.RELEASE.jar:2.1.5.RELEASE]
	at org.springframework.amqp.rabbit.listener.SimpleMessageListenerContainer$AsyncMessageProcessingConsumer.mainLoop(SimpleMessageListenerContainer.java:1137) [spring-rabbit-2.1.5.RELEASE.jar:2.1.5.RELEASE]
	at org.springframework.amqp.rabbit.listener.SimpleMessageListenerContainer$AsyncMessageProcessingConsumer.run(SimpleMessageListenerContainer.java:1043) [spring-rabbit-2.1.5.RELEASE.jar:2.1.5.RELEASE]
	at java.lang.Thread.run(Thread.java:748) [?:1.8.0_201]
2019-05-09 19:51:02 [ERROR] [] --> com.wq.mqtttrabbitmq.rabbitmq.listener.ListenerStorage.onMessagePriority2(ListenerStorage.java:247)[massage] onMessagePriority2消费消息失败，id=3,level=6,message=MailMessageModel(id=3, to=853280347@qq.com, subject=测试RabbitMQ发送邮件5555, text=<html><head></head><body><h1>邮件测试</h1><p>hello!this is mail test。</p></body></html>, level=6)
java.lang.ArithmeticException: / by zero
	at com.wq.mqtttrabbitmq.rabbitmq.listener.ListenerStorage.onMessagePriority2(ListenerStorage.java:235) ~[classes/:?]
	at sun.reflect.GeneratedMethodAccessor257.invoke(Unknown Source) ~[?:?]
	at sun.reflect.DelegatingMethodAccessorImpl.invoke(DelegatingMethodAccessorImpl.java:45005) ~[?:1.8.0_201]
	at java.lang.reflect.Method.invoke(Method.java:498) ~[?:1.8.0_201]
	at org.springframework.messaging.handler.invocation.InvocableHandlerMethod.doInvoke(InvocableHandlerMethod.java:170) ~[spring-messaging-5.1.6.RELEASE.jar:5.1.6.RELEASE]
	at org.springframework.messaging.handler.invocation.InvocableHandlerMethod.invoke(InvocableHandlerMethod.java:120) ~[spring-messaging-5.1.6.RELEASE.jar:5.1.6.RELEASE]
	at org.springframework.amqp.rabbit.listener.adapter.HandlerAdapter.invoke(HandlerAdapter.java:49) ~[spring-rabbit-2.1.5.RELEASE.jar:2.1.5.RELEASE]
	at org.springframework.amqp.rabbit.listener.adapter.MessagingMessageListenerAdapter.invokeHandler(MessagingMessageListenerAdapter.java:190) ~[spring-rabbit-2.1.5.RELEASE.jar:2.1.5.RELEASE]
	at org.springframework.amqp.rabbit.listener.adapter.MessagingMessageListenerAdapter.onMessage(MessagingMessageListenerAdapter.java:127) ~[spring-rabbit-2.1.5.RELEASE.jar:2.1.5.RELEASE]
	at org.springframework.amqp.rabbit.listener.AbstractMessageListenerContainer.doInvokeListener(AbstractMessageListenerContainer.java:1552) ~[spring-rabbit-2.1.5.RELEASE.jar:2.1.5.RELEASE]
	at org.springframework.amqp.rabbit.listener.AbstractMessageListenerContainer.actualInvokeListener(AbstractMessageListenerContainer.java:1478) ~[spring-rabbit-2.1.5.RELEASE.jar:2.1.5.RELEASE]
	at org.springframework.amqp.rabbit.listener.AbstractMessageListenerContainer.invokeListener(AbstractMessageListenerContainer.java:1466) [spring-rabbit-2.1.5.RELEASE.jar:2.1.5.RELEASE]
	at org.springframework.amqp.rabbit.listener.AbstractMessageListenerContainer.doExecuteListener(AbstractMessageListenerContainer.java:1461) [spring-rabbit-2.1.5.RELEASE.jar:2.1.5.RELEASE]
	at org.springframework.amqp.rabbit.listener.AbstractMessageListenerContainer.executeListener(AbstractMessageListenerContainer.java:1410) [spring-rabbit-2.1.5.RELEASE.jar:2.1.5.RELEASE]
	at org.springframework.amqp.rabbit.listener.SimpleMessageListenerContainer.doReceiveAndExecute(SimpleMessageListenerContainer.java:870) [spring-rabbit-2.1.5.RELEASE.jar:2.1.5.RELEASE]
	at org.springframework.amqp.rabbit.listener.SimpleMessageListenerContainer.receiveAndExecute(SimpleMessageListenerContainer.java:854) [spring-rabbit-2.1.5.RELEASE.jar:2.1.5.RELEASE]
	at org.springframework.amqp.rabbit.listener.SimpleMessageListenerContainer.access$1600(SimpleMessageListenerContainer.java:78) [spring-rabbit-2.1.5.RELEASE.jar:2.1.5.RELEASE]
	at org.springframework.amqp.rabbit.listener.SimpleMessageListenerContainer$AsyncMessageProcessingConsumer.mainLoop(SimpleMessageListenerContainer.java:1137) [spring-rabbit-2.1.5.RELEASE.jar:2.1.5.RELEASE]
	at org.springframework.amqp.rabbit.listener.SimpleMessageListenerContainer$AsyncMessageProcessingConsumer.run(SimpleMessageListenerContainer.java:1043) [spring-rabbit-2.1.5.RELEASE.jar:2.1.5.RELEASE]
	at java.lang.Thread.run(Thread.java:748) [?:1.8.0_201]
2019-05-09 19:51:02 [ERROR] [] --> com.wq.mqtttrabbitmq.rabbitmq.listener.ListenerStorage.onMessagePriority2(ListenerStorage.java:247)[massage] onMessagePriority2消费消息失败，id=5,level=4,message=MailMessageModel(id=5, to=853280347@qq.com, subject=测试RabbitMQ发送邮件5555, text=<html><head></head><body><h1>邮件测试</h1><p>hello!this is mail test。</p></body></html>, level=4)
java.lang.ArithmeticException: / by zero
	at com.wq.mqtttrabbitmq.rabbitmq.listener.ListenerStorage.onMessagePriority2(ListenerStorage.java:235) ~[classes/:?]
	at sun.reflect.GeneratedMethodAccessor257.invoke(Unknown Source) ~[?:?]
	at sun.reflect.DelegatingMethodAccessorImpl.invoke(DelegatingMethodAccessorImpl.java:45005) ~[?:1.8.0_201]
	at java.lang.reflect.Method.invoke(Method.java:498) ~[?:1.8.0_201]
	at org.springframework.messaging.handler.invocation.InvocableHandlerMethod.doInvoke(InvocableHandlerMethod.java:170) ~[spring-messaging-5.1.6.RELEASE.jar:5.1.6.RELEASE]
	at org.springframework.messaging.handler.invocation.InvocableHandlerMethod.invoke(InvocableHandlerMethod.java:120) ~[spring-messaging-5.1.6.RELEASE.jar:5.1.6.RELEASE]
	at org.springframework.amqp.rabbit.listener.adapter.HandlerAdapter.invoke(HandlerAdapter.java:49) ~[spring-rabbit-2.1.5.RELEASE.jar:2.1.5.RELEASE]
	at org.springframework.amqp.rabbit.listener.adapter.MessagingMessageListenerAdapter.invokeHandler(MessagingMessageListenerAdapter.java:190) ~[spring-rabbit-2.1.5.RELEASE.jar:2.1.5.RELEASE]
	at org.springframework.amqp.rabbit.listener.adapter.MessagingMessageListenerAdapter.onMessage(MessagingMessageListenerAdapter.java:127) ~[spring-rabbit-2.1.5.RELEASE.jar:2.1.5.RELEASE]
	at org.springframework.amqp.rabbit.listener.AbstractMessageListenerContainer.doInvokeListener(AbstractMessageListenerContainer.java:1552) ~[spring-rabbit-2.1.5.RELEASE.jar:2.1.5.RELEASE]
	at org.springframework.amqp.rabbit.listener.AbstractMessageListenerContainer.actualInvokeListener(AbstractMessageListenerContainer.java:1478) ~[spring-rabbit-2.1.5.RELEASE.jar:2.1.5.RELEASE]
	at org.springframework.amqp.rabbit.listener.AbstractMessageListenerContainer.invokeListener(AbstractMessageListenerContainer.java:1466) [spring-rabbit-2.1.5.RELEASE.jar:2.1.5.RELEASE]
	at org.springframework.amqp.rabbit.listener.AbstractMessageListenerContainer.doExecuteListener(AbstractMessageListenerContainer.java:1461) [spring-rabbit-2.1.5.RELEASE.jar:2.1.5.RELEASE]
	at org.springframework.amqp.rabbit.listener.AbstractMessageListenerContainer.executeListener(AbstractMessageListenerContainer.java:1410) [spring-rabbit-2.1.5.RELEASE.jar:2.1.5.RELEASE]
	at org.springframework.amqp.rabbit.listener.SimpleMessageListenerContainer.doReceiveAndExecute(SimpleMessageListenerContainer.java:870) [spring-rabbit-2.1.5.RELEASE.jar:2.1.5.RELEASE]
	at org.springframework.amqp.rabbit.listener.SimpleMessageListenerContainer.receiveAndExecute(SimpleMessageListenerContainer.java:854) [spring-rabbit-2.1.5.RELEASE.jar:2.1.5.RELEASE]
	at org.springframework.amqp.rabbit.listener.SimpleMessageListenerContainer.access$1600(SimpleMessageListenerContainer.java:78) [spring-rabbit-2.1.5.RELEASE.jar:2.1.5.RELEASE]
	at org.springframework.amqp.rabbit.listener.SimpleMessageListenerContainer$AsyncMessageProcessingConsumer.mainLoop(SimpleMessageListenerContainer.java:1137) [spring-rabbit-2.1.5.RELEASE.jar:2.1.5.RELEASE]
	at org.springframework.amqp.rabbit.listener.SimpleMessageListenerContainer$AsyncMessageProcessingConsumer.run(SimpleMessageListenerContainer.java:1043) [spring-rabbit-2.1.5.RELEASE.jar:2.1.5.RELEASE]
	at java.lang.Thread.run(Thread.java:748) [?:1.8.0_201]
2019-05-09 19:51:02 [ERROR] [] --> com.wq.mqtttrabbitmq.rabbitmq.listener.ListenerStorage.onMessagePriority2(ListenerStorage.java:247)[massage] onMessagePriority2消费消息失败，id=4,level=7,message=MailMessageModel(id=4, to=853280347@qq.com, subject=测试RabbitMQ发送邮件5555, text=<html><head></head><body><h1>邮件测试</h1><p>hello!this is mail test。</p></body></html>, level=7)
java.lang.ArithmeticException: / by zero
	at com.wq.mqtttrabbitmq.rabbitmq.listener.ListenerStorage.onMessagePriority2(ListenerStorage.java:235) ~[classes/:?]
	at sun.reflect.GeneratedMethodAccessor257.invoke(Unknown Source) ~[?:?]
	at sun.reflect.DelegatingMethodAccessorImpl.invoke(DelegatingMethodAccessorImpl.java:45005) ~[?:1.8.0_201]
	at java.lang.reflect.Method.invoke(Method.java:498) ~[?:1.8.0_201]
	at org.springframework.messaging.handler.invocation.InvocableHandlerMethod.doInvoke(InvocableHandlerMethod.java:170) ~[spring-messaging-5.1.6.RELEASE.jar:5.1.6.RELEASE]
	at org.springframework.messaging.handler.invocation.InvocableHandlerMethod.invoke(InvocableHandlerMethod.java:120) ~[spring-messaging-5.1.6.RELEASE.jar:5.1.6.RELEASE]
	at org.springframework.amqp.rabbit.listener.adapter.HandlerAdapter.invoke(HandlerAdapter.java:49) ~[spring-rabbit-2.1.5.RELEASE.jar:2.1.5.RELEASE]
	at org.springframework.amqp.rabbit.listener.adapter.MessagingMessageListenerAdapter.invokeHandler(MessagingMessageListenerAdapter.java:190) ~[spring-rabbit-2.1.5.RELEASE.jar:2.1.5.RELEASE]
	at org.springframework.amqp.rabbit.listener.adapter.MessagingMessageListenerAdapter.onMessage(MessagingMessageListenerAdapter.java:127) ~[spring-rabbit-2.1.5.RELEASE.jar:2.1.5.RELEASE]
	at org.springframework.amqp.rabbit.listener.AbstractMessageListenerContainer.doInvokeListener(AbstractMessageListenerContainer.java:1552) ~[spring-rabbit-2.1.5.RELEASE.jar:2.1.5.RELEASE]
	at org.springframework.amqp.rabbit.listener.AbstractMessageListenerContainer.actualInvokeListener(AbstractMessageListenerContainer.java:1478) ~[spring-rabbit-2.1.5.RELEASE.jar:2.1.5.RELEASE]
	at org.springframework.amqp.rabbit.listener.AbstractMessageListenerContainer.invokeListener(AbstractMessageListenerContainer.java:1466) [spring-rabbit-2.1.5.RELEASE.jar:2.1.5.RELEASE]
	at org.springframework.amqp.rabbit.listener.AbstractMessageListenerContainer.doExecuteListener(AbstractMessageListenerContainer.java:1461) [spring-rabbit-2.1.5.RELEASE.jar:2.1.5.RELEASE]
	at org.springframework.amqp.rabbit.listener.AbstractMessageListenerContainer.executeListener(AbstractMessageListenerContainer.java:1410) [spring-rabbit-2.1.5.RELEASE.jar:2.1.5.RELEASE]
	at org.springframework.amqp.rabbit.listener.SimpleMessageListenerContainer.doReceiveAndExecute(SimpleMessageListenerContainer.java:870) [spring-rabbit-2.1.5.RELEASE.jar:2.1.5.RELEASE]
	at org.springframework.amqp.rabbit.listener.SimpleMessageListenerContainer.receiveAndExecute(SimpleMessageListenerContainer.java:854) [spring-rabbit-2.1.5.RELEASE.jar:2.1.5.RELEASE]
	at org.springframework.amqp.rabbit.listener.SimpleMessageListenerContainer.access$1600(SimpleMessageListenerContainer.java:78) [spring-rabbit-2.1.5.RELEASE.jar:2.1.5.RELEASE]
	at org.springframework.amqp.rabbit.listener.SimpleMessageListenerContainer$AsyncMessageProcessingConsumer.mainLoop(SimpleMessageListenerContainer.java:1137) [spring-rabbit-2.1.5.RELEASE.jar:2.1.5.RELEASE]
	at org.springframework.amqp.rabbit.listener.SimpleMessageListenerContainer$AsyncMessageProcessingConsumer.run(SimpleMessageListenerContainer.java:1043) [spring-rabbit-2.1.5.RELEASE.jar:2.1.5.RELEASE]
	at java.lang.Thread.run(Thread.java:748) [?:1.8.0_201]
2019-05-09 19:51:02 [ERROR] [] --> com.wq.mqtttrabbitmq.rabbitmq.listener.ListenerStorage.onMessagePriority2(ListenerStorage.java:247)[massage] onMessagePriority2消费消息失败，id=6,level=6,message=MailMessageModel(id=6, to=853280347@qq.com, subject=测试RabbitMQ发送邮件5555, text=<html><head></head><body><h1>邮件测试</h1><p>hello!this is mail test。</p></body></html>, level=6)
java.lang.ArithmeticException: / by zero
	at com.wq.mqtttrabbitmq.rabbitmq.listener.ListenerStorage.onMessagePriority2(ListenerStorage.java:235) ~[classes/:?]
	at sun.reflect.GeneratedMethodAccessor257.invoke(Unknown Source) ~[?:?]
	at sun.reflect.DelegatingMethodAccessorImpl.invoke(DelegatingMethodAccessorImpl.java:45005) ~[?:1.8.0_201]
	at java.lang.reflect.Method.invoke(Method.java:498) ~[?:1.8.0_201]
	at org.springframework.messaging.handler.invocation.InvocableHandlerMethod.doInvoke(InvocableHandlerMethod.java:170) ~[spring-messaging-5.1.6.RELEASE.jar:5.1.6.RELEASE]
	at org.springframework.messaging.handler.invocation.InvocableHandlerMethod.invoke(InvocableHandlerMethod.java:120) ~[spring-messaging-5.1.6.RELEASE.jar:5.1.6.RELEASE]
	at org.springframework.amqp.rabbit.listener.adapter.HandlerAdapter.invoke(HandlerAdapter.java:49) ~[spring-rabbit-2.1.5.RELEASE.jar:2.1.5.RELEASE]
	at org.springframework.amqp.rabbit.listener.adapter.MessagingMessageListenerAdapter.invokeHandler(MessagingMessageListenerAdapter.java:190) ~[spring-rabbit-2.1.5.RELEASE.jar:2.1.5.RELEASE]
	at org.springframework.amqp.rabbit.listener.adapter.MessagingMessageListenerAdapter.onMessage(MessagingMessageListenerAdapter.java:127) ~[spring-rabbit-2.1.5.RELEASE.jar:2.1.5.RELEASE]
	at org.springframework.amqp.rabbit.listener.AbstractMessageListenerContainer.doInvokeListener(AbstractMessageListenerContainer.java:1552) ~[spring-rabbit-2.1.5.RELEASE.jar:2.1.5.RELEASE]
	at org.springframework.amqp.rabbit.listener.AbstractMessageListenerContainer.actualInvokeListener(AbstractMessageListenerContainer.java:1478) ~[spring-rabbit-2.1.5.RELEASE.jar:2.1.5.RELEASE]
	at org.springframework.amqp.rabbit.listener.AbstractMessageListenerContainer.invokeListener(AbstractMessageListenerContainer.java:1466) [spring-rabbit-2.1.5.RELEASE.jar:2.1.5.RELEASE]
	at org.springframework.amqp.rabbit.listener.AbstractMessageListenerContainer.doExecuteListener(AbstractMessageListenerContainer.java:1461) [spring-rabbit-2.1.5.RELEASE.jar:2.1.5.RELEASE]
	at org.springframework.amqp.rabbit.listener.AbstractMessageListenerContainer.executeListener(AbstractMessageListenerContainer.java:1410) [spring-rabbit-2.1.5.RELEASE.jar:2.1.5.RELEASE]
	at org.springframework.amqp.rabbit.listener.SimpleMessageListenerContainer.doReceiveAndExecute(SimpleMessageListenerContainer.java:870) [spring-rabbit-2.1.5.RELEASE.jar:2.1.5.RELEASE]
	at org.springframework.amqp.rabbit.listener.SimpleMessageListenerContainer.receiveAndExecute(SimpleMessageListenerContainer.java:854) [spring-rabbit-2.1.5.RELEASE.jar:2.1.5.RELEASE]
	at org.springframework.amqp.rabbit.listener.SimpleMessageListenerContainer.access$1600(SimpleMessageListenerContainer.java:78) [spring-rabbit-2.1.5.RELEASE.jar:2.1.5.RELEASE]
	at org.springframework.amqp.rabbit.listener.SimpleMessageListenerContainer$AsyncMessageProcessingConsumer.mainLoop(SimpleMessageListenerContainer.java:1137) [spring-rabbit-2.1.5.RELEASE.jar:2.1.5.RELEASE]
	at org.springframework.amqp.rabbit.listener.SimpleMessageListenerContainer$AsyncMessageProcessingConsumer.run(SimpleMessageListenerContainer.java:1043) [spring-rabbit-2.1.5.RELEASE.jar:2.1.5.RELEASE]
	at java.lang.Thread.run(Thread.java:748) [?:1.8.0_201]
2019-05-09 19:51:02 [ERROR] [] --> com.wq.mqtttrabbitmq.rabbitmq.listener.ListenerStorage.onMessagePriority2(ListenerStorage.java:247)[massage] onMessagePriority2消费消息失败，id=7,level=5,message=MailMessageModel(id=7, to=853280347@qq.com, subject=测试RabbitMQ发送邮件5555, text=<html><head></head><body><h1>邮件测试</h1><p>hello!this is mail test。</p></body></html>, level=5)
java.lang.ArithmeticException: / by zero
	at com.wq.mqtttrabbitmq.rabbitmq.listener.ListenerStorage.onMessagePriority2(ListenerStorage.java:235) ~[classes/:?]
	at sun.reflect.GeneratedMethodAccessor257.invoke(Unknown Source) ~[?:?]
	at sun.reflect.DelegatingMethodAccessorImpl.invoke(DelegatingMethodAccessorImpl.java:45005) ~[?:1.8.0_201]
	at java.lang.reflect.Method.invoke(Method.java:498) ~[?:1.8.0_201]
	at org.springframework.messaging.handler.invocation.InvocableHandlerMethod.doInvoke(InvocableHandlerMethod.java:170) ~[spring-messaging-5.1.6.RELEASE.jar:5.1.6.RELEASE]
	at org.springframework.messaging.handler.invocation.InvocableHandlerMethod.invoke(InvocableHandlerMethod.java:120) ~[spring-messaging-5.1.6.RELEASE.jar:5.1.6.RELEASE]
	at org.springframework.amqp.rabbit.listener.adapter.HandlerAdapter.invoke(HandlerAdapter.java:49) ~[spring-rabbit-2.1.5.RELEASE.jar:2.1.5.RELEASE]
	at org.springframework.amqp.rabbit.listener.adapter.MessagingMessageListenerAdapter.invokeHandler(MessagingMessageListenerAdapter.java:190) ~[spring-rabbit-2.1.5.RELEASE.jar:2.1.5.RELEASE]
	at org.springframework.amqp.rabbit.listener.adapter.MessagingMessageListenerAdapter.onMessage(MessagingMessageListenerAdapter.java:127) ~[spring-rabbit-2.1.5.RELEASE.jar:2.1.5.RELEASE]
	at org.springframework.amqp.rabbit.listener.AbstractMessageListenerContainer.doInvokeListener(AbstractMessageListenerContainer.java:1552) ~[spring-rabbit-2.1.5.RELEASE.jar:2.1.5.RELEASE]
	at org.springframework.amqp.rabbit.listener.AbstractMessageListenerContainer.actualInvokeListener(AbstractMessageListenerContainer.java:1478) ~[spring-rabbit-2.1.5.RELEASE.jar:2.1.5.RELEASE]
	at org.springframework.amqp.rabbit.listener.AbstractMessageListenerContainer.invokeListener(AbstractMessageListenerContainer.java:1466) [spring-rabbit-2.1.5.RELEASE.jar:2.1.5.RELEASE]
	at org.springframework.amqp.rabbit.listener.AbstractMessageListenerContainer.doExecuteListener(AbstractMessageListenerContainer.java:1461) [spring-rabbit-2.1.5.RELEASE.jar:2.1.5.RELEASE]
	at org.springframework.amqp.rabbit.listener.AbstractMessageListenerContainer.executeListener(AbstractMessageListenerContainer.java:1410) [spring-rabbit-2.1.5.RELEASE.jar:2.1.5.RELEASE]
	at org.springframework.amqp.rabbit.listener.SimpleMessageListenerContainer.doReceiveAndExecute(SimpleMessageListenerContainer.java:870) [spring-rabbit-2.1.5.RELEASE.jar:2.1.5.RELEASE]
	at org.springframework.amqp.rabbit.listener.SimpleMessageListenerContainer.receiveAndExecute(SimpleMessageListenerContainer.java:854) [spring-rabbit-2.1.5.RELEASE.jar:2.1.5.RELEASE]
	at org.springframework.amqp.rabbit.listener.SimpleMessageListenerContainer.access$1600(SimpleMessageListenerContainer.java:78) [spring-rabbit-2.1.5.RELEASE.jar:2.1.5.RELEASE]
	at org.springframework.amqp.rabbit.listener.SimpleMessageListenerContainer$AsyncMessageProcessingConsumer.mainLoop(SimpleMessageListenerContainer.java:1137) [spring-rabbit-2.1.5.RELEASE.jar:2.1.5.RELEASE]
	at org.springframework.amqp.rabbit.listener.SimpleMessageListenerContainer$AsyncMessageProcessingConsumer.run(SimpleMessageListenerContainer.java:1043) [spring-rabbit-2.1.5.RELEASE.jar:2.1.5.RELEASE]
	at java.lang.Thread.run(Thread.java:748) [?:1.8.0_201]
2019-05-09 19:51:02 [ERROR] [] --> com.wq.mqtttrabbitmq.rabbitmq.listener.ListenerStorage.onMessagePriority2(ListenerStorage.java:247)[massage] onMessagePriority2消费消息失败，id=8,level=9,message=MailMessageModel(id=8, to=853280347@qq.com, subject=测试RabbitMQ发送邮件5555, text=<html><head></head><body><h1>邮件测试</h1><p>hello!this is mail test。</p></body></html>, level=9)
java.lang.ArithmeticException: / by zero
	at com.wq.mqtttrabbitmq.rabbitmq.listener.ListenerStorage.onMessagePriority2(ListenerStorage.java:235) ~[classes/:?]
	at sun.reflect.GeneratedMethodAccessor257.invoke(Unknown Source) ~[?:?]
	at sun.reflect.DelegatingMethodAccessorImpl.invoke(DelegatingMethodAccessorImpl.java:45005) ~[?:1.8.0_201]
	at java.lang.reflect.Method.invoke(Method.java:498) ~[?:1.8.0_201]
	at org.springframework.messaging.handler.invocation.InvocableHandlerMethod.doInvoke(InvocableHandlerMethod.java:170) ~[spring-messaging-5.1.6.RELEASE.jar:5.1.6.RELEASE]
	at org.springframework.messaging.handler.invocation.InvocableHandlerMethod.invoke(InvocableHandlerMethod.java:120) ~[spring-messaging-5.1.6.RELEASE.jar:5.1.6.RELEASE]
	at org.springframework.amqp.rabbit.listener.adapter.HandlerAdapter.invoke(HandlerAdapter.java:49) ~[spring-rabbit-2.1.5.RELEASE.jar:2.1.5.RELEASE]
	at org.springframework.amqp.rabbit.listener.adapter.MessagingMessageListenerAdapter.invokeHandler(MessagingMessageListenerAdapter.java:190) ~[spring-rabbit-2.1.5.RELEASE.jar:2.1.5.RELEASE]
	at org.springframework.amqp.rabbit.listener.adapter.MessagingMessageListenerAdapter.onMessage(MessagingMessageListenerAdapter.java:127) ~[spring-rabbit-2.1.5.RELEASE.jar:2.1.5.RELEASE]
	at org.springframework.amqp.rabbit.listener.AbstractMessageListenerContainer.doInvokeListener(AbstractMessageListenerContainer.java:1552) ~[spring-rabbit-2.1.5.RELEASE.jar:2.1.5.RELEASE]
	at org.springframework.amqp.rabbit.listener.AbstractMessageListenerContainer.actualInvokeListener(AbstractMessageListenerContainer.java:1478) ~[spring-rabbit-2.1.5.RELEASE.jar:2.1.5.RELEASE]
	at org.springframework.amqp.rabbit.listener.AbstractMessageListenerContainer.invokeListener(AbstractMessageListenerContainer.java:1466) [spring-rabbit-2.1.5.RELEASE.jar:2.1.5.RELEASE]
	at org.springframework.amqp.rabbit.listener.AbstractMessageListenerContainer.doExecuteListener(AbstractMessageListenerContainer.java:1461) [spring-rabbit-2.1.5.RELEASE.jar:2.1.5.RELEASE]
	at org.springframework.amqp.rabbit.listener.AbstractMessageListenerContainer.executeListener(AbstractMessageListenerContainer.java:1410) [spring-rabbit-2.1.5.RELEASE.jar:2.1.5.RELEASE]
	at org.springframework.amqp.rabbit.listener.SimpleMessageListenerContainer.doReceiveAndExecute(SimpleMessageListenerContainer.java:870) [spring-rabbit-2.1.5.RELEASE.jar:2.1.5.RELEASE]
	at org.springframework.amqp.rabbit.listener.SimpleMessageListenerContainer.receiveAndExecute(SimpleMessageListenerContainer.java:854) [spring-rabbit-2.1.5.RELEASE.jar:2.1.5.RELEASE]
	at org.springframework.amqp.rabbit.listener.SimpleMessageListenerContainer.access$1600(SimpleMessageListenerContainer.java:78) [spring-rabbit-2.1.5.RELEASE.jar:2.1.5.RELEASE]
	at org.springframework.amqp.rabbit.listener.SimpleMessageListenerContainer$AsyncMessageProcessingConsumer.mainLoop(SimpleMessageListenerContainer.java:1137) [spring-rabbit-2.1.5.RELEASE.jar:2.1.5.RELEASE]
	at org.springframework.amqp.rabbit.listener.SimpleMessageListenerContainer$AsyncMessageProcessingConsumer.run(SimpleMessageListenerContainer.java:1043) [spring-rabbit-2.1.5.RELEASE.jar:2.1.5.RELEASE]
	at java.lang.Thread.run(Thread.java:748) [?:1.8.0_201]
2019-05-09 19:51:02 [ERROR] [] --> com.wq.mqtttrabbitmq.rabbitmq.listener.ListenerStorage.onMessagePriority2(ListenerStorage.java:247)[massage] onMessagePriority2消费消息失败，id=9,level=1,message=MailMessageModel(id=9, to=853280347@qq.com, subject=测试RabbitMQ发送邮件5555, text=<html><head></head><body><h1>邮件测试</h1><p>hello!this is mail test。</p></body></html>, level=1)
java.lang.ArithmeticException: / by zero
	at com.wq.mqtttrabbitmq.rabbitmq.listener.ListenerStorage.onMessagePriority2(ListenerStorage.java:235) ~[classes/:?]
	at sun.reflect.GeneratedMethodAccessor257.invoke(Unknown Source) ~[?:?]
	at sun.reflect.DelegatingMethodAccessorImpl.invoke(DelegatingMethodAccessorImpl.java:45005) ~[?:1.8.0_201]
	at java.lang.reflect.Method.invoke(Method.java:498) ~[?:1.8.0_201]
	at org.springframework.messaging.handler.invocation.InvocableHandlerMethod.doInvoke(InvocableHandlerMethod.java:170) ~[spring-messaging-5.1.6.RELEASE.jar:5.1.6.RELEASE]
	at org.springframework.messaging.handler.invocation.InvocableHandlerMethod.invoke(InvocableHandlerMethod.java:120) ~[spring-messaging-5.1.6.RELEASE.jar:5.1.6.RELEASE]
	at org.springframework.amqp.rabbit.listener.adapter.HandlerAdapter.invoke(HandlerAdapter.java:49) ~[spring-rabbit-2.1.5.RELEASE.jar:2.1.5.RELEASE]
	at org.springframework.amqp.rabbit.listener.adapter.MessagingMessageListenerAdapter.invokeHandler(MessagingMessageListenerAdapter.java:190) ~[spring-rabbit-2.1.5.RELEASE.jar:2.1.5.RELEASE]
	at org.springframework.amqp.rabbit.listener.adapter.MessagingMessageListenerAdapter.onMessage(MessagingMessageListenerAdapter.java:127) ~[spring-rabbit-2.1.5.RELEASE.jar:2.1.5.RELEASE]
	at org.springframework.amqp.rabbit.listener.AbstractMessageListenerContainer.doInvokeListener(AbstractMessageListenerContainer.java:1552) ~[spring-rabbit-2.1.5.RELEASE.jar:2.1.5.RELEASE]
	at org.springframework.amqp.rabbit.listener.AbstractMessageListenerContainer.actualInvokeListener(AbstractMessageListenerContainer.java:1478) ~[spring-rabbit-2.1.5.RELEASE.jar:2.1.5.RELEASE]
	at org.springframework.amqp.rabbit.listener.AbstractMessageListenerContainer.invokeListener(AbstractMessageListenerContainer.java:1466) [spring-rabbit-2.1.5.RELEASE.jar:2.1.5.RELEASE]
	at org.springframework.amqp.rabbit.listener.AbstractMessageListenerContainer.doExecuteListener(AbstractMessageListenerContainer.java:1461) [spring-rabbit-2.1.5.RELEASE.jar:2.1.5.RELEASE]
	at org.springframework.amqp.rabbit.listener.AbstractMessageListenerContainer.executeListener(AbstractMessageListenerContainer.java:1410) [spring-rabbit-2.1.5.RELEASE.jar:2.1.5.RELEASE]
	at org.springframework.amqp.rabbit.listener.SimpleMessageListenerContainer.doReceiveAndExecute(SimpleMessageListenerContainer.java:870) [spring-rabbit-2.1.5.RELEASE.jar:2.1.5.RELEASE]
	at org.springframework.amqp.rabbit.listener.SimpleMessageListenerContainer.receiveAndExecute(SimpleMessageListenerContainer.java:854) [spring-rabbit-2.1.5.RELEASE.jar:2.1.5.RELEASE]
	at org.springframework.amqp.rabbit.listener.SimpleMessageListenerContainer.access$1600(SimpleMessageListenerContainer.java:78) [spring-rabbit-2.1.5.RELEASE.jar:2.1.5.RELEASE]
	at org.springframework.amqp.rabbit.listener.SimpleMessageListenerContainer$AsyncMessageProcessingConsumer.mainLoop(SimpleMessageListenerContainer.java:1137) [spring-rabbit-2.1.5.RELEASE.jar:2.1.5.RELEASE]
	at org.springframework.amqp.rabbit.listener.SimpleMessageListenerContainer$AsyncMessageProcessingConsumer.run(SimpleMessageListenerContainer.java:1043) [spring-rabbit-2.1.5.RELEASE.jar:2.1.5.RELEASE]
	at java.lang.Thread.run(Thread.java:748) [?:1.8.0_201]
