2019-05-06 20:29:51 [INFO] [] --> org.springframework.boot.StartupInfoLogger.logStarting(StartupInfoLogger.java:50)[massage] Starting MqtttRabbitmqApplication on DESKTOP-GROU3S5 with PID 848 (C:\Users\DELL\IdeaProjects\mqttt-rabbitmq\target\classes started by DELL in C:\Users\DELL\IdeaProjects\mqttt-rabbitmq)
2019-05-06 20:29:51 [INFO] [] --> org.springframework.boot.SpringApplication.logStartupProfileInfo(SpringApplication.java:675)[massage] No active profile set, falling back to default profiles: default
2019-05-06 20:29:51 [INFO] [] --> org.springframework.data.repository.config.RepositoryConfigurationDelegate.registerRepositoriesIn(RepositoryConfigurationDelegate.java:126)[massage] Bootstrapping Spring Data repositories in DEFAULT mode.
2019-05-06 20:29:51 [INFO] [] --> org.springframework.data.repository.config.RepositoryConfigurationDelegate.registerRepositoriesIn(RepositoryConfigurationDelegate.java:182)[massage] Finished Spring Data repository scanning in 33ms. Found 0 repository interfaces.
2019-05-06 20:29:51 [INFO] [] --> org.springframework.integration.config.DefaultConfiguringBeanFactoryPostProcessor.registerErrorChannel(DefaultConfiguringBeanFactoryPostProcessor.java:188)[massage] No bean named 'errorChannel' has been explicitly defined. Therefore, a default PublishSubscribeChannel will be created.
2019-05-06 20:29:51 [INFO] [] --> org.springframework.integration.config.DefaultConfiguringBeanFactoryPostProcessor.registerHeaderChannelRegistry(DefaultConfiguringBeanFactoryPostProcessor.java:426)[massage] No bean named 'integrationHeaderChannelRegistry' has been explicitly defined. Therefore, a default DefaultHeaderChannelRegistry will be created.
2019-05-06 20:29:52 [INFO] [] --> org.springframework.context.support.PostProcessorRegistrationDelegate$BeanPostProcessorChecker.postProcessAfterInitialization(PostProcessorRegistrationDelegate.java:330)[massage] Bean 'org.springframework.integration.config.IntegrationManagementConfiguration' of type [org.springframework.integration.config.IntegrationManagementConfiguration$$EnhancerBySpringCGLIB$$34ee81] is not eligible for getting processed by all BeanPostProcessors (for example: not eligible for auto-proxying)
2019-05-06 20:29:52 [INFO] [] --> org.springframework.context.support.PostProcessorRegistrationDelegate$BeanPostProcessorChecker.postProcessAfterInitialization(PostProcessorRegistrationDelegate.java:330)[massage] Bean 'integrationDisposableAutoCreatedBeans' of type [org.springframework.integration.config.annotation.Disposables] is not eligible for getting processed by all BeanPostProcessors (for example: not eligible for auto-proxying)
2019-05-06 20:29:52 [INFO] [] --> org.springframework.boot.web.embedded.tomcat.TomcatWebServer.initialize(TomcatWebServer.java:90)[massage] Tomcat initialized with port(s): 8000 (http)
2019-05-06 20:29:52 [INFO] [] --> org.apache.juli.logging.DirectJDKLog.log(DirectJDKLog.java:173)[massage] Initializing ProtocolHandler ["http-nio-8000"]
2019-05-06 20:29:52 [INFO] [] --> org.apache.juli.logging.DirectJDKLog.log(DirectJDKLog.java:173)[massage] Starting service [Tomcat]
2019-05-06 20:29:52 [INFO] [] --> org.apache.juli.logging.DirectJDKLog.log(DirectJDKLog.java:173)[massage] Starting Servlet engine: [Apache Tomcat/9.0.17]
2019-05-06 20:29:52 [INFO] [] --> org.apache.juli.logging.DirectJDKLog.log(DirectJDKLog.java:173)[massage] Initializing Spring embedded WebApplicationContext
2019-05-06 20:29:52 [INFO] [] --> org.springframework.boot.web.servlet.context.ServletWebServerApplicationContext.prepareWebApplicationContext(ServletWebServerApplicationContext.java:296)[massage] Root WebApplicationContext: initialization completed in 1140 ms
2019-05-06 20:29:52 [INFO] [] --> com.wq.mqtttrabbitmq.es.config.ESConfig.transportClient(ESConfig.java:54)[massage] Elasticsearch初始化开始！
2019-05-06 20:29:52 [INFO] [] --> org.elasticsearch.plugins.PluginsService.logPluginInfo(PluginsService.java:190)[massage] no modules loaded
2019-05-06 20:29:52 [INFO] [] --> org.elasticsearch.plugins.PluginsService.logPluginInfo(PluginsService.java:193)[massage] loaded plugin [org.elasticsearch.index.reindex.ReindexPlugin]
2019-05-06 20:29:52 [INFO] [] --> org.elasticsearch.plugins.PluginsService.logPluginInfo(PluginsService.java:193)[massage] loaded plugin [org.elasticsearch.join.ParentJoinPlugin]
2019-05-06 20:29:52 [INFO] [] --> org.elasticsearch.plugins.PluginsService.logPluginInfo(PluginsService.java:193)[massage] loaded plugin [org.elasticsearch.percolator.PercolatorPlugin]
2019-05-06 20:29:52 [INFO] [] --> org.elasticsearch.plugins.PluginsService.logPluginInfo(PluginsService.java:193)[massage] loaded plugin [org.elasticsearch.script.mustache.MustachePlugin]
2019-05-06 20:29:52 [INFO] [] --> org.elasticsearch.plugins.PluginsService.logPluginInfo(PluginsService.java:193)[massage] loaded plugin [org.elasticsearch.transport.Netty4Plugin]
2019-05-06 20:29:53 [INFO] [] --> org.springframework.scheduling.concurrent.ExecutorConfigurationSupport.initialize(ExecutorConfigurationSupport.java:171)[massage] Initializing ExecutorService 'taskScheduler'
2019-05-06 20:29:54 [INFO] [] --> org.springframework.integration.endpoint.EventDrivenConsumer.logComponentSubscriptionEvent(EventDrivenConsumer.java:107)[massage] Adding {logging-channel-adapter:_org.springframework.integration.errorLogger} as a subscriber to the 'errorChannel' channel
2019-05-06 20:29:54 [INFO] [] --> org.springframework.integration.channel.AbstractSubscribableChannel.adjustCounterIfNecessary(AbstractSubscribableChannel.java:64)[massage] Channel 'application.errorChannel' has 1 subscriber(s).
2019-05-06 20:29:54 [INFO] [] --> org.springframework.integration.endpoint.AbstractEndpoint.start(AbstractEndpoint.java:159)[massage] started _org.springframework.integration.errorLogger
2019-05-06 20:29:54 [INFO] [] --> org.springframework.integration.endpoint.EventDrivenConsumer.logComponentSubscriptionEvent(EventDrivenConsumer.java:107)[massage] Adding {message-handler:springconfig.handler.serviceActivator} as a subscriber to the 'mqttInputChannel' channel
2019-05-06 20:29:54 [INFO] [] --> org.springframework.integration.channel.AbstractSubscribableChannel.adjustCounterIfNecessary(AbstractSubscribableChannel.java:64)[massage] Channel 'application.mqttInputChannel' has 1 subscriber(s).
2019-05-06 20:29:54 [INFO] [] --> org.springframework.integration.endpoint.AbstractEndpoint.start(AbstractEndpoint.java:159)[massage] started springconfig.handler.serviceActivator
2019-05-06 20:29:54 [INFO] [] --> org.springframework.integration.endpoint.EventDrivenConsumer.logComponentSubscriptionEvent(EventDrivenConsumer.java:107)[massage] Adding {message-handler:springconfig.outbound.serviceActivator} as a subscriber to the 'mqttOutboundChannel' channel
2019-05-06 20:29:54 [INFO] [] --> org.springframework.integration.channel.AbstractSubscribableChannel.adjustCounterIfNecessary(AbstractSubscribableChannel.java:64)[massage] Channel 'application.mqttOutboundChannel' has 1 subscriber(s).
2019-05-06 20:29:54 [INFO] [] --> org.springframework.integration.endpoint.AbstractEndpoint.start(AbstractEndpoint.java:159)[massage] started springconfig.outbound.serviceActivator
2019-05-06 20:29:54 [INFO] [] --> org.springframework.integration.endpoint.EventDrivenConsumer.logComponentSubscriptionEvent(EventDrivenConsumer.java:107)[massage] Adding {message-handler:springconfig.handler1.serviceActivator} as a subscriber to the 'mqttInputChannel1' channel
2019-05-06 20:29:54 [INFO] [] --> org.springframework.integration.channel.AbstractSubscribableChannel.adjustCounterIfNecessary(AbstractSubscribableChannel.java:64)[massage] Channel 'application.mqttInputChannel1' has 1 subscriber(s).
2019-05-06 20:29:54 [INFO] [] --> org.springframework.integration.endpoint.AbstractEndpoint.start(AbstractEndpoint.java:159)[massage] started springconfig.handler1.serviceActivator
2019-05-06 20:29:54 [INFO] [] --> org.springframework.integration.endpoint.AbstractEndpoint.start(AbstractEndpoint.java:159)[massage] started springconfig$MqttGateway
2019-05-06 20:29:54 [INFO] [] --> org.springframework.integration.endpoint.AbstractEndpoint.start(AbstractEndpoint.java:159)[massage] started springconfig$MqttGateway
2019-05-06 20:29:54 [INFO] [] --> org.springframework.integration.endpoint.AbstractEndpoint.start(AbstractEndpoint.java:159)[massage] started springconfig$MqttGateway
2019-05-06 20:29:54 [INFO] [] --> org.springframework.integration.endpoint.AbstractEndpoint.start(AbstractEndpoint.java:159)[massage] started springconfig$MqttGateway
2019-05-06 20:29:54 [INFO] [] --> org.springframework.integration.endpoint.AbstractEndpoint.start(AbstractEndpoint.java:159)[massage] started inbound
2019-05-06 20:29:54 [INFO] [] --> org.springframework.integration.endpoint.AbstractEndpoint.start(AbstractEndpoint.java:159)[massage] started inbound1
2019-05-06 20:29:54 [INFO] [] --> org.springframework.amqp.rabbit.connection.AbstractConnectionFactory.createBareConnection(AbstractConnectionFactory.java:468)[massage] Attempting to connect to: localhost:5672
2019-05-06 20:29:54 [INFO] [] --> org.springframework.amqp.rabbit.connection.AbstractConnectionFactory.createBareConnection(AbstractConnectionFactory.java:496)[massage] Created new connection: cachingConnectionFactory#4e2824b1:0/SimpleConnection@33ccead [delegate=amqp://guest@127.0.0.1:5672/, localPort= 50185]
2019-05-06 20:29:54 [INFO] [] --> org.apache.juli.logging.DirectJDKLog.log(DirectJDKLog.java:173)[massage] Starting ProtocolHandler ["http-nio-8000"]
2019-05-06 20:29:54 [INFO] [] --> org.springframework.boot.web.embedded.tomcat.TomcatWebServer.start(TomcatWebServer.java:204)[massage] Tomcat started on port(s): 8000 (http) with context path ''
2019-05-06 20:29:54 [INFO] [] --> org.springframework.boot.StartupInfoLogger.logStarted(StartupInfoLogger.java:59)[massage] Started MqtttRabbitmqApplication in 3.819 seconds (JVM running for 4.725)
2019-05-09 19:50:45 [INFO] [] --> org.springframework.boot.StartupInfoLogger.logStarting(StartupInfoLogger.java:50)[massage] Starting MqtttRabbitmqApplication on DESKTOP-GROU3S5 with PID 13520 (C:\Users\DELL\IdeaProjects\mqttt-rabbitmq\target\classes started by DELL in C:\Users\DELL\IdeaProjects\mqttt-rabbitmq)
2019-05-09 19:50:45 [INFO] [] --> org.springframework.boot.SpringApplication.logStartupProfileInfo(SpringApplication.java:675)[massage] No active profile set, falling back to default profiles: default
2019-05-09 19:50:46 [INFO] [] --> org.springframework.data.repository.config.RepositoryConfigurationDelegate.registerRepositoriesIn(RepositoryConfigurationDelegate.java:126)[massage] Bootstrapping Spring Data repositories in DEFAULT mode.
2019-05-09 19:50:46 [INFO] [] --> org.springframework.data.repository.config.RepositoryConfigurationDelegate.registerRepositoriesIn(RepositoryConfigurationDelegate.java:182)[massage] Finished Spring Data repository scanning in 75ms. Found 0 repository interfaces.
2019-05-09 19:50:47 [INFO] [] --> org.springframework.integration.config.DefaultConfiguringBeanFactoryPostProcessor.registerErrorChannel(DefaultConfiguringBeanFactoryPostProcessor.java:188)[massage] No bean named 'errorChannel' has been explicitly defined. Therefore, a default PublishSubscribeChannel will be created.
2019-05-09 19:50:47 [INFO] [] --> org.springframework.integration.config.DefaultConfiguringBeanFactoryPostProcessor.registerHeaderChannelRegistry(DefaultConfiguringBeanFactoryPostProcessor.java:426)[massage] No bean named 'integrationHeaderChannelRegistry' has been explicitly defined. Therefore, a default DefaultHeaderChannelRegistry will be created.
2019-05-09 19:50:47 [INFO] [] --> org.springframework.context.support.PostProcessorRegistrationDelegate$BeanPostProcessorChecker.postProcessAfterInitialization(PostProcessorRegistrationDelegate.java:330)[massage] Bean 'org.springframework.integration.config.IntegrationManagementConfiguration' of type [org.springframework.integration.config.IntegrationManagementConfiguration$$EnhancerBySpringCGLIB$$c5694802] is not eligible for getting processed by all BeanPostProcessors (for example: not eligible for auto-proxying)
2019-05-09 19:50:47 [INFO] [] --> org.springframework.context.support.PostProcessorRegistrationDelegate$BeanPostProcessorChecker.postProcessAfterInitialization(PostProcessorRegistrationDelegate.java:330)[massage] Bean 'integrationDisposableAutoCreatedBeans' of type [org.springframework.integration.config.annotation.Disposables] is not eligible for getting processed by all BeanPostProcessors (for example: not eligible for auto-proxying)
2019-05-09 19:50:47 [INFO] [] --> org.springframework.boot.web.embedded.tomcat.TomcatWebServer.initialize(TomcatWebServer.java:90)[massage] Tomcat initialized with port(s): 8000 (http)
2019-05-09 19:50:48 [INFO] [] --> org.apache.juli.logging.DirectJDKLog.log(DirectJDKLog.java:173)[massage] Initializing ProtocolHandler ["http-nio-8000"]
2019-05-09 19:50:48 [INFO] [] --> org.apache.juli.logging.DirectJDKLog.log(DirectJDKLog.java:173)[massage] Starting service [Tomcat]
2019-05-09 19:50:48 [INFO] [] --> org.apache.juli.logging.DirectJDKLog.log(DirectJDKLog.java:173)[massage] Starting Servlet engine: [Apache Tomcat/9.0.17]
2019-05-09 19:50:48 [INFO] [] --> org.apache.juli.logging.DirectJDKLog.log(DirectJDKLog.java:173)[massage] Initializing Spring embedded WebApplicationContext
2019-05-09 19:50:48 [INFO] [] --> org.springframework.boot.web.servlet.context.ServletWebServerApplicationContext.prepareWebApplicationContext(ServletWebServerApplicationContext.java:296)[massage] Root WebApplicationContext: initialization completed in 2728 ms
2019-05-09 19:50:48 [INFO] [] --> com.wq.mqtttrabbitmq.es.config.ESConfig.transportClient(ESConfig.java:54)[massage] Elasticsearch初始化开始！
2019-05-09 19:50:48 [INFO] [] --> org.elasticsearch.plugins.PluginsService.logPluginInfo(PluginsService.java:190)[massage] no modules loaded
2019-05-09 19:50:48 [INFO] [] --> org.elasticsearch.plugins.PluginsService.logPluginInfo(PluginsService.java:193)[massage] loaded plugin [org.elasticsearch.index.reindex.ReindexPlugin]
2019-05-09 19:50:48 [INFO] [] --> org.elasticsearch.plugins.PluginsService.logPluginInfo(PluginsService.java:193)[massage] loaded plugin [org.elasticsearch.join.ParentJoinPlugin]
2019-05-09 19:50:48 [INFO] [] --> org.elasticsearch.plugins.PluginsService.logPluginInfo(PluginsService.java:193)[massage] loaded plugin [org.elasticsearch.percolator.PercolatorPlugin]
2019-05-09 19:50:48 [INFO] [] --> org.elasticsearch.plugins.PluginsService.logPluginInfo(PluginsService.java:193)[massage] loaded plugin [org.elasticsearch.script.mustache.MustachePlugin]
2019-05-09 19:50:48 [INFO] [] --> org.elasticsearch.plugins.PluginsService.logPluginInfo(PluginsService.java:193)[massage] loaded plugin [org.elasticsearch.transport.Netty4Plugin]
2019-05-09 19:50:51 [INFO] [] --> org.springframework.scheduling.concurrent.ExecutorConfigurationSupport.initialize(ExecutorConfigurationSupport.java:171)[massage] Initializing ExecutorService 'taskScheduler'
2019-05-09 19:50:52 [INFO] [] --> org.springframework.integration.endpoint.EventDrivenConsumer.logComponentSubscriptionEvent(EventDrivenConsumer.java:107)[massage] Adding {logging-channel-adapter:_org.springframework.integration.errorLogger} as a subscriber to the 'errorChannel' channel
2019-05-09 19:50:52 [INFO] [] --> org.springframework.integration.channel.AbstractSubscribableChannel.adjustCounterIfNecessary(AbstractSubscribableChannel.java:64)[massage] Channel 'application.errorChannel' has 1 subscriber(s).
2019-05-09 19:50:52 [INFO] [] --> org.springframework.integration.endpoint.AbstractEndpoint.start(AbstractEndpoint.java:159)[massage] started _org.springframework.integration.errorLogger
2019-05-09 19:50:52 [INFO] [] --> org.springframework.integration.endpoint.EventDrivenConsumer.logComponentSubscriptionEvent(EventDrivenConsumer.java:107)[massage] Adding {message-handler:springconfig.handler.serviceActivator} as a subscriber to the 'mqttInputChannel' channel
2019-05-09 19:50:52 [INFO] [] --> org.springframework.integration.channel.AbstractSubscribableChannel.adjustCounterIfNecessary(AbstractSubscribableChannel.java:64)[massage] Channel 'application.mqttInputChannel' has 1 subscriber(s).
2019-05-09 19:50:52 [INFO] [] --> org.springframework.integration.endpoint.AbstractEndpoint.start(AbstractEndpoint.java:159)[massage] started springconfig.handler.serviceActivator
2019-05-09 19:50:52 [INFO] [] --> org.springframework.integration.endpoint.EventDrivenConsumer.logComponentSubscriptionEvent(EventDrivenConsumer.java:107)[massage] Adding {message-handler:springconfig.outbound.serviceActivator} as a subscriber to the 'mqttOutboundChannel' channel
2019-05-09 19:50:52 [INFO] [] --> org.springframework.integration.channel.AbstractSubscribableChannel.adjustCounterIfNecessary(AbstractSubscribableChannel.java:64)[massage] Channel 'application.mqttOutboundChannel' has 1 subscriber(s).
2019-05-09 19:50:52 [INFO] [] --> org.springframework.integration.endpoint.AbstractEndpoint.start(AbstractEndpoint.java:159)[massage] started springconfig.outbound.serviceActivator
2019-05-09 19:50:52 [INFO] [] --> org.springframework.integration.endpoint.EventDrivenConsumer.logComponentSubscriptionEvent(EventDrivenConsumer.java:107)[massage] Adding {message-handler:springconfig.handler1.serviceActivator} as a subscriber to the 'mqttInputChannel1' channel
2019-05-09 19:50:52 [INFO] [] --> org.springframework.integration.channel.AbstractSubscribableChannel.adjustCounterIfNecessary(AbstractSubscribableChannel.java:64)[massage] Channel 'application.mqttInputChannel1' has 1 subscriber(s).
2019-05-09 19:50:52 [INFO] [] --> org.springframework.integration.endpoint.AbstractEndpoint.start(AbstractEndpoint.java:159)[massage] started springconfig.handler1.serviceActivator
2019-05-09 19:50:52 [INFO] [] --> org.springframework.integration.endpoint.AbstractEndpoint.start(AbstractEndpoint.java:159)[massage] started springconfig$MqttGateway
2019-05-09 19:50:52 [INFO] [] --> org.springframework.integration.endpoint.AbstractEndpoint.start(AbstractEndpoint.java:159)[massage] started springconfig$MqttGateway
2019-05-09 19:50:52 [INFO] [] --> org.springframework.integration.endpoint.AbstractEndpoint.start(AbstractEndpoint.java:159)[massage] started springconfig$MqttGateway
2019-05-09 19:50:52 [INFO] [] --> org.springframework.integration.endpoint.AbstractEndpoint.start(AbstractEndpoint.java:159)[massage] started springconfig$MqttGateway
2019-05-09 19:50:52 [INFO] [] --> org.springframework.integration.endpoint.AbstractEndpoint.start(AbstractEndpoint.java:159)[massage] started inbound
2019-05-09 19:50:52 [INFO] [] --> org.springframework.integration.endpoint.AbstractEndpoint.start(AbstractEndpoint.java:159)[massage] started inbound1
2019-05-09 19:50:52 [INFO] [] --> org.springframework.amqp.rabbit.connection.AbstractConnectionFactory.createBareConnection(AbstractConnectionFactory.java:468)[massage] Attempting to connect to: localhost:5672
2019-05-09 19:50:52 [INFO] [] --> org.springframework.amqp.rabbit.connection.AbstractConnectionFactory.createBareConnection(AbstractConnectionFactory.java:496)[massage] Created new connection: cachingConnectionFactory#764f94d4:0/SimpleConnection@33a6ab70 [delegate=amqp://guest@127.0.0.1:5672/, localPort= 52233]
2019-05-09 19:50:52 [INFO] [] --> org.apache.juli.logging.DirectJDKLog.log(DirectJDKLog.java:173)[massage] Starting ProtocolHandler ["http-nio-8000"]
2019-05-09 19:50:52 [INFO] [] --> org.springframework.boot.web.embedded.tomcat.TomcatWebServer.start(TomcatWebServer.java:204)[massage] Tomcat started on port(s): 8000 (http) with context path ''
2019-05-09 19:50:52 [INFO] [] --> org.springframework.boot.StartupInfoLogger.logStarted(StartupInfoLogger.java:59)[massage] Started MqtttRabbitmqApplication in 7.872 seconds (JVM running for 16.298)
2019-05-09 19:51:01 [INFO] [] --> org.apache.juli.logging.DirectJDKLog.log(DirectJDKLog.java:173)[massage] Initializing Spring DispatcherServlet 'dispatcherServlet'
2019-05-09 19:51:01 [INFO] [] --> org.springframework.web.servlet.FrameworkServlet.initServletBean(FrameworkServlet.java:524)[massage] Initializing Servlet 'dispatcherServlet'
2019-05-09 19:51:01 [INFO] [] --> org.springframework.web.servlet.FrameworkServlet.initServletBean(FrameworkServlet.java:546)[massage] Completed initialization in 12 ms
2019-05-09 19:51:01 [INFO] [] --> com.wq.mqtttrabbitmq.common.filter.MDCFilter.doFilterInternal(MDCFilter.java:34)[massage] IP:192.168.3.68, Method:POST, URI:/email/priority/10 Body:{	"id":1,    "to":"853280347@qq.com",    "subject":"测试RabbitMQ发送邮件5555",    "text":"<html><head></head><body><h1>邮件测试</h1><p>hello!this is mail test。</p></body></html>"}
2019-05-09 19:51:03 [INFO] [] --> com.wq.mqtttrabbitmq.es.EsClient.addData(EsClient.java:129)[massage] addData response status:201,id:02b710d3aeed4ef596fe0648fe28f562
2019-05-09 19:51:03 [INFO] [] --> com.wq.mqtttrabbitmq.es.EsClient.addData(EsClient.java:129)[massage] addData response status:201,id:dd34eb080f2b4d7f9ee017da8b66bcd4
2019-05-09 19:51:03 [INFO] [] --> com.wq.mqtttrabbitmq.rabbitmq.listener.ListenerStorage.onMessageLog(ListenerStorage.java:270)[massage] onMessageLog消费消息成功，jsonObject={exception=java.lang.ArithmeticException, logLevel=ERROR, city=0|0|0|内网IP|内网IP, logMessage=onMessagePriority2消费消息失败，id=2,level=3,message=MailMessageModel(id=2, to=853280347@qq.com, subject=测试RabbitMQ发送邮件5555, text=<html><head></head><body><h1>邮件测试</h1><p>hello!this is mail test。</p></body></html>, level=3), ip=192.168.3.68, logThread=org.springframework.amqp.rabbit.RabbitListenerEndpointContainer#5-2, methodName=onMessagePriority2, className=com.wq.mqtttrabbitmq.rabbitmq.listener.ListenerStorage, time=2019-05-09 19:51:01, stackTrace=
com.wq.mqtttrabbitmq.rabbitmq.listener.ListenerStorage.onMessagePriority2(ListenerStorage.java:235)
sun.reflect.GeneratedMethodAccessor256.invoke(null:-1)
sun.reflect.DelegatingMethodAccessorImpl.invoke(DelegatingMethodAccessorImpl.java:45005)
java.lang.reflect.Method.invoke(Method.java:498)
org.springframework.messaging.handler.invocation.InvocableHandlerMethod.doInvoke(InvocableHandlerMethod.java:170)
org.springframework.messaging.handler.invocation.InvocableHandlerMethod.invoke(InvocableHandlerMethod.java:120)
org.springframework.amqp.rabbit.listener.adapter.HandlerAdapter.invoke(HandlerAdapter.java:49)
org.springframework.amqp.rabbit.listener.adapter.MessagingMessageListenerAdapter.invokeHandler(MessagingMessageListenerAdapter.java:190)
org.springframework.amqp.rabbit.listener.adapter.MessagingMessageListenerAdapter.onMessage(MessagingMessageListenerAdapter.java:127)
org.springframework.amqp.rabbit.listener.AbstractMessageListenerContainer.doInvokeListener(AbstractMessageListenerContainer.java:1552)
org.springframework.amqp.rabbit.listener.AbstractMessageListenerContainer.actualInvokeListener(AbstractMessageListenerContainer.java:1478)
org.springframework.amqp.rabbit.listener.AbstractMessageListenerContainer.invokeListener(AbstractMessageListenerContainer.java:1466)
org.springframework.amqp.rabbit.listener.AbstractMessageListenerContainer.doExecuteListener(AbstractMessageListenerContainer.java:1461)
org.springframework.amqp.rabbit.listener.AbstractMessageListenerContainer.executeListener(AbstractMessageListenerContainer.java:1410)
org.springframework.amqp.rabbit.listener.SimpleMessageListenerContainer.doReceiveAndExecute(SimpleMessageListenerContainer.java:870)
org.springframework.amqp.rabbit.listener.SimpleMessageListenerContainer.receiveAndExecute(SimpleMessageListenerContainer.java:854)
org.springframework.amqp.rabbit.listener.SimpleMessageListenerContainer.access$1600(SimpleMessageListenerContainer.java:78)
org.springframework.amqp.rabbit.listener.SimpleMessageListenerContainer$AsyncMessageProcessingConsumer.mainLoop(SimpleMessageListenerContainer.java:1137)
org.springframework.amqp.rabbit.listener.SimpleMessageListenerContainer$AsyncMessageProcessingConsumer.run(SimpleMessageListenerContainer.java:1043)
java.lang.Thread.run(Thread.java:748)
, errorMsg=/ by zero}
2019-05-09 19:51:03 [INFO] [] --> com.wq.mqtttrabbitmq.rabbitmq.listener.ListenerStorage.onMessageLog(ListenerStorage.java:270)[massage] onMessageLog消费消息成功，jsonObject={exception=java.lang.ArithmeticException, logLevel=ERROR, city=0|0|0|内网IP|内网IP, logMessage=onMessagePriority2消费消息失败，id=0,level=3,message=MailMessageModel(id=0, to=853280347@qq.com, subject=测试RabbitMQ发送邮件5555, text=<html><head></head><body><h1>邮件测试</h1><p>hello!this is mail test。</p></body></html>, level=3), ip=192.168.3.68, logThread=org.springframework.amqp.rabbit.RabbitListenerEndpointContainer#5-1, methodName=onMessagePriority2, className=com.wq.mqtttrabbitmq.rabbitmq.listener.ListenerStorage, time=2019-05-09 19:51:01, stackTrace=
com.wq.mqtttrabbitmq.rabbitmq.listener.ListenerStorage.onMessagePriority2(ListenerStorage.java:235)
sun.reflect.GeneratedMethodAccessor257.invoke(null:-1)
sun.reflect.DelegatingMethodAccessorImpl.invoke(DelegatingMethodAccessorImpl.java:45005)
java.lang.reflect.Method.invoke(Method.java:498)
org.springframework.messaging.handler.invocation.InvocableHandlerMethod.doInvoke(InvocableHandlerMethod.java:170)
org.springframework.messaging.handler.invocation.InvocableHandlerMethod.invoke(InvocableHandlerMethod.java:120)
org.springframework.amqp.rabbit.listener.adapter.HandlerAdapter.invoke(HandlerAdapter.java:49)
org.springframework.amqp.rabbit.listener.adapter.MessagingMessageListenerAdapter.invokeHandler(MessagingMessageListenerAdapter.java:190)
org.springframework.amqp.rabbit.listener.adapter.MessagingMessageListenerAdapter.onMessage(MessagingMessageListenerAdapter.java:127)
org.springframework.amqp.rabbit.listener.AbstractMessageListenerContainer.doInvokeListener(AbstractMessageListenerContainer.java:1552)
org.springframework.amqp.rabbit.listener.AbstractMessageListenerContainer.actualInvokeListener(AbstractMessageListenerContainer.java:1478)
org.springframework.amqp.rabbit.listener.AbstractMessageListenerContainer.invokeListener(AbstractMessageListenerContainer.java:1466)
org.springframework.amqp.rabbit.listener.AbstractMessageListenerContainer.doExecuteListener(AbstractMessageListenerContainer.java:1461)
org.springframework.amqp.rabbit.listener.AbstractMessageListenerContainer.executeListener(AbstractMessageListenerContainer.java:1410)
org.springframework.amqp.rabbit.listener.SimpleMessageListenerContainer.doReceiveAndExecute(SimpleMessageListenerContainer.java:870)
org.springframework.amqp.rabbit.listener.SimpleMessageListenerContainer.receiveAndExecute(SimpleMessageListenerContainer.java:854)
org.springframework.amqp.rabbit.listener.SimpleMessageListenerContainer.access$1600(SimpleMessageListenerContainer.java:78)
org.springframework.amqp.rabbit.listener.SimpleMessageListenerContainer$AsyncMessageProcessingConsumer.mainLoop(SimpleMessageListenerContainer.java:1137)
org.springframework.amqp.rabbit.listener.SimpleMessageListenerContainer$AsyncMessageProcessingConsumer.run(SimpleMessageListenerContainer.java:1043)
java.lang.Thread.run(Thread.java:748)
, errorMsg=/ by zero}
2019-05-09 19:51:03 [INFO] [] --> com.wq.mqtttrabbitmq.es.EsClient.addData(EsClient.java:129)[massage] addData response status:201,id:dbe1d9b086ad45e7b81bcc7581eaa0e1
2019-05-09 19:51:03 [INFO] [] --> com.wq.mqtttrabbitmq.rabbitmq.listener.ListenerStorage.onMessageLog(ListenerStorage.java:270)[massage] onMessageLog消费消息成功，jsonObject={exception=java.lang.ArithmeticException, logLevel=ERROR, city=0|0|0|内网IP|内网IP, logMessage=onMessagePriority2消费消息失败，id=1,level=6,message=MailMessageModel(id=1, to=853280347@qq.com, subject=测试RabbitMQ发送邮件5555, text=<html><head></head><body><h1>邮件测试</h1><p>hello!this is mail test。</p></body></html>, level=6), ip=192.168.3.68, logThread=org.springframework.amqp.rabbit.RabbitListenerEndpointContainer#5-3, methodName=onMessagePriority2, className=com.wq.mqtttrabbitmq.rabbitmq.listener.ListenerStorage, time=2019-05-09 19:51:01, stackTrace=
com.wq.mqtttrabbitmq.rabbitmq.listener.ListenerStorage.onMessagePriority2(ListenerStorage.java:235)
sun.reflect.GeneratedMethodAccessor256.invoke(null:-1)
sun.reflect.DelegatingMethodAccessorImpl.invoke(DelegatingMethodAccessorImpl.java:45005)
java.lang.reflect.Method.invoke(Method.java:498)
org.springframework.messaging.handler.invocation.InvocableHandlerMethod.doInvoke(InvocableHandlerMethod.java:170)
org.springframework.messaging.handler.invocation.InvocableHandlerMethod.invoke(InvocableHandlerMethod.java:120)
org.springframework.amqp.rabbit.listener.adapter.HandlerAdapter.invoke(HandlerAdapter.java:49)
org.springframework.amqp.rabbit.listener.adapter.MessagingMessageListenerAdapter.invokeHandler(MessagingMessageListenerAdapter.java:190)
org.springframework.amqp.rabbit.listener.adapter.MessagingMessageListenerAdapter.onMessage(MessagingMessageListenerAdapter.java:127)
org.springframework.amqp.rabbit.listener.AbstractMessageListenerContainer.doInvokeListener(AbstractMessageListenerContainer.java:1552)
org.springframework.amqp.rabbit.listener.AbstractMessageListenerContainer.actualInvokeListener(AbstractMessageListenerContainer.java:1478)
org.springframework.amqp.rabbit.listener.AbstractMessageListenerContainer.invokeListener(AbstractMessageListenerContainer.java:1466)
org.springframework.amqp.rabbit.listener.AbstractMessageListenerContainer.doExecuteListener(AbstractMessageListenerContainer.java:1461)
org.springframework.amqp.rabbit.listener.AbstractMessageListenerContainer.executeListener(AbstractMessageListenerContainer.java:1410)
org.springframework.amqp.rabbit.listener.SimpleMessageListenerContainer.doReceiveAndExecute(SimpleMessageListenerContainer.java:870)
org.springframework.amqp.rabbit.listener.SimpleMessageListenerContainer.receiveAndExecute(SimpleMessageListenerContainer.java:854)
org.springframework.amqp.rabbit.listener.SimpleMessageListenerContainer.access$1600(SimpleMessageListenerContainer.java:78)
org.springframework.amqp.rabbit.listener.SimpleMessageListenerContainer$AsyncMessageProcessingConsumer.mainLoop(SimpleMessageListenerContainer.java:1137)
org.springframework.amqp.rabbit.listener.SimpleMessageListenerContainer$AsyncMessageProcessingConsumer.run(SimpleMessageListenerContainer.java:1043)
java.lang.Thread.run(Thread.java:748)
, errorMsg=/ by zero}
2019-05-09 19:51:03 [INFO] [] --> com.wq.mqtttrabbitmq.es.EsClient.addData(EsClient.java:129)[massage] addData response status:201,id:48a41753cd6f4a7ebd157c0eed10d0c1
2019-05-09 19:51:03 [INFO] [] --> com.wq.mqtttrabbitmq.rabbitmq.listener.ListenerStorage.onMessageLog(ListenerStorage.java:270)[massage] onMessageLog消费消息成功，jsonObject={exception=java.lang.ArithmeticException, logLevel=ERROR, city=0|0|0|内网IP|内网IP, logMessage=onMessagePriority2消费消息失败，id=3,level=6,message=MailMessageModel(id=3, to=853280347@qq.com, subject=测试RabbitMQ发送邮件5555, text=<html><head></head><body><h1>邮件测试</h1><p>hello!this is mail test。</p></body></html>, level=6), ip=192.168.3.68, logThread=org.springframework.amqp.rabbit.RabbitListenerEndpointContainer#5-1, methodName=onMessagePriority2, className=com.wq.mqtttrabbitmq.rabbitmq.listener.ListenerStorage, time=2019-05-09 19:51:02, stackTrace=
com.wq.mqtttrabbitmq.rabbitmq.listener.ListenerStorage.onMessagePriority2(ListenerStorage.java:235)
sun.reflect.GeneratedMethodAccessor257.invoke(null:-1)
sun.reflect.DelegatingMethodAccessorImpl.invoke(DelegatingMethodAccessorImpl.java:45005)
java.lang.reflect.Method.invoke(Method.java:498)
org.springframework.messaging.handler.invocation.InvocableHandlerMethod.doInvoke(InvocableHandlerMethod.java:170)
org.springframework.messaging.handler.invocation.InvocableHandlerMethod.invoke(InvocableHandlerMethod.java:120)
org.springframework.amqp.rabbit.listener.adapter.HandlerAdapter.invoke(HandlerAdapter.java:49)
org.springframework.amqp.rabbit.listener.adapter.MessagingMessageListenerAdapter.invokeHandler(MessagingMessageListenerAdapter.java:190)
org.springframework.amqp.rabbit.listener.adapter.MessagingMessageListenerAdapter.onMessage(MessagingMessageListenerAdapter.java:127)
org.springframework.amqp.rabbit.listener.AbstractMessageListenerContainer.doInvokeListener(AbstractMessageListenerContainer.java:1552)
org.springframework.amqp.rabbit.listener.AbstractMessageListenerContainer.actualInvokeListener(AbstractMessageListenerContainer.java:1478)
org.springframework.amqp.rabbit.listener.AbstractMessageListenerContainer.invokeListener(AbstractMessageListenerContainer.java:1466)
org.springframework.amqp.rabbit.listener.AbstractMessageListenerContainer.doExecuteListener(AbstractMessageListenerContainer.java:1461)
org.springframework.amqp.rabbit.listener.AbstractMessageListenerContainer.executeListener(AbstractMessageListenerContainer.java:1410)
org.springframework.amqp.rabbit.listener.SimpleMessageListenerContainer.doReceiveAndExecute(SimpleMessageListenerContainer.java:870)
org.springframework.amqp.rabbit.listener.SimpleMessageListenerContainer.receiveAndExecute(SimpleMessageListenerContainer.java:854)
org.springframework.amqp.rabbit.listener.SimpleMessageListenerContainer.access$1600(SimpleMessageListenerContainer.java:78)
org.springframework.amqp.rabbit.listener.SimpleMessageListenerContainer$AsyncMessageProcessingConsumer.mainLoop(SimpleMessageListenerContainer.java:1137)
org.springframework.amqp.rabbit.listener.SimpleMessageListenerContainer$AsyncMessageProcessingConsumer.run(SimpleMessageListenerContainer.java:1043)
java.lang.Thread.run(Thread.java:748)
, errorMsg=/ by zero}
2019-05-09 19:51:03 [INFO] [] --> com.wq.mqtttrabbitmq.es.EsClient.addData(EsClient.java:129)[massage] addData response status:201,id:c502aaa9371d4a9da839d98c9fffe5c2
2019-05-09 19:51:03 [INFO] [] --> com.wq.mqtttrabbitmq.es.EsClient.addData(EsClient.java:129)[massage] addData response status:201,id:e03b6d03331a4453b7152b0de843517c
2019-05-09 19:51:03 [INFO] [] --> com.wq.mqtttrabbitmq.rabbitmq.listener.ListenerStorage.onMessageLog(ListenerStorage.java:270)[massage] onMessageLog消费消息成功，jsonObject={exception=java.lang.ArithmeticException, logLevel=ERROR, city=0|0|0|内网IP|内网IP, logMessage=onMessagePriority2消费消息失败，id=4,level=7,message=MailMessageModel(id=4, to=853280347@qq.com, subject=测试RabbitMQ发送邮件5555, text=<html><head></head><body><h1>邮件测试</h1><p>hello!this is mail test。</p></body></html>, level=7), ip=192.168.3.68, logThread=org.springframework.amqp.rabbit.RabbitListenerEndpointContainer#5-3, methodName=onMessagePriority2, className=com.wq.mqtttrabbitmq.rabbitmq.listener.ListenerStorage, time=2019-05-09 19:51:02, stackTrace=
com.wq.mqtttrabbitmq.rabbitmq.listener.ListenerStorage.onMessagePriority2(ListenerStorage.java:235)
sun.reflect.GeneratedMethodAccessor257.invoke(null:-1)
sun.reflect.DelegatingMethodAccessorImpl.invoke(DelegatingMethodAccessorImpl.java:45005)
java.lang.reflect.Method.invoke(Method.java:498)
org.springframework.messaging.handler.invocation.InvocableHandlerMethod.doInvoke(InvocableHandlerMethod.java:170)
org.springframework.messaging.handler.invocation.InvocableHandlerMethod.invoke(InvocableHandlerMethod.java:120)
org.springframework.amqp.rabbit.listener.adapter.HandlerAdapter.invoke(HandlerAdapter.java:49)
org.springframework.amqp.rabbit.listener.adapter.MessagingMessageListenerAdapter.invokeHandler(MessagingMessageListenerAdapter.java:190)
org.springframework.amqp.rabbit.listener.adapter.MessagingMessageListenerAdapter.onMessage(MessagingMessageListenerAdapter.java:127)
org.springframework.amqp.rabbit.listener.AbstractMessageListenerContainer.doInvokeListener(AbstractMessageListenerContainer.java:1552)
org.springframework.amqp.rabbit.listener.AbstractMessageListenerContainer.actualInvokeListener(AbstractMessageListenerContainer.java:1478)
org.springframework.amqp.rabbit.listener.AbstractMessageListenerContainer.invokeListener(AbstractMessageListenerContainer.java:1466)
org.springframework.amqp.rabbit.listener.AbstractMessageListenerContainer.doExecuteListener(AbstractMessageListenerContainer.java:1461)
org.springframework.amqp.rabbit.listener.AbstractMessageListenerContainer.executeListener(AbstractMessageListenerContainer.java:1410)
org.springframework.amqp.rabbit.listener.SimpleMessageListenerContainer.doReceiveAndExecute(SimpleMessageListenerContainer.java:870)
org.springframework.amqp.rabbit.listener.SimpleMessageListenerContainer.receiveAndExecute(SimpleMessageListenerContainer.java:854)
org.springframework.amqp.rabbit.listener.SimpleMessageListenerContainer.access$1600(SimpleMessageListenerContainer.java:78)
org.springframework.amqp.rabbit.listener.SimpleMessageListenerContainer$AsyncMessageProcessingConsumer.mainLoop(SimpleMessageListenerContainer.java:1137)
org.springframework.amqp.rabbit.listener.SimpleMessageListenerContainer$AsyncMessageProcessingConsumer.run(SimpleMessageListenerContainer.java:1043)
java.lang.Thread.run(Thread.java:748)
, errorMsg=/ by zero}
2019-05-09 19:51:03 [INFO] [] --> com.wq.mqtttrabbitmq.rabbitmq.listener.ListenerStorage.onMessageLog(ListenerStorage.java:270)[massage] onMessageLog消费消息成功，jsonObject={exception=java.lang.ArithmeticException, logLevel=ERROR, city=0|0|0|内网IP|内网IP, logMessage=onMessagePriority2消费消息失败，id=5,level=4,message=MailMessageModel(id=5, to=853280347@qq.com, subject=测试RabbitMQ发送邮件5555, text=<html><head></head><body><h1>邮件测试</h1><p>hello!this is mail test。</p></body></html>, level=4), ip=192.168.3.68, logThread=org.springframework.amqp.rabbit.RabbitListenerEndpointContainer#5-2, methodName=onMessagePriority2, className=com.wq.mqtttrabbitmq.rabbitmq.listener.ListenerStorage, time=2019-05-09 19:51:02, stackTrace=
com.wq.mqtttrabbitmq.rabbitmq.listener.ListenerStorage.onMessagePriority2(ListenerStorage.java:235)
sun.reflect.GeneratedMethodAccessor257.invoke(null:-1)
sun.reflect.DelegatingMethodAccessorImpl.invoke(DelegatingMethodAccessorImpl.java:45005)
java.lang.reflect.Method.invoke(Method.java:498)
org.springframework.messaging.handler.invocation.InvocableHandlerMethod.doInvoke(InvocableHandlerMethod.java:170)
org.springframework.messaging.handler.invocation.InvocableHandlerMethod.invoke(InvocableHandlerMethod.java:120)
org.springframework.amqp.rabbit.listener.adapter.HandlerAdapter.invoke(HandlerAdapter.java:49)
org.springframework.amqp.rabbit.listener.adapter.MessagingMessageListenerAdapter.invokeHandler(MessagingMessageListenerAdapter.java:190)
org.springframework.amqp.rabbit.listener.adapter.MessagingMessageListenerAdapter.onMessage(MessagingMessageListenerAdapter.java:127)
org.springframework.amqp.rabbit.listener.AbstractMessageListenerContainer.doInvokeListener(AbstractMessageListenerContainer.java:1552)
org.springframework.amqp.rabbit.listener.AbstractMessageListenerContainer.actualInvokeListener(AbstractMessageListenerContainer.java:1478)
org.springframework.amqp.rabbit.listener.AbstractMessageListenerContainer.invokeListener(AbstractMessageListenerContainer.java:1466)
org.springframework.amqp.rabbit.listener.AbstractMessageListenerContainer.doExecuteListener(AbstractMessageListenerContainer.java:1461)
org.springframework.amqp.rabbit.listener.AbstractMessageListenerContainer.executeListener(AbstractMessageListenerContainer.java:1410)
org.springframework.amqp.rabbit.listener.SimpleMessageListenerContainer.doReceiveAndExecute(SimpleMessageListenerContainer.java:870)
org.springframework.amqp.rabbit.listener.SimpleMessageListenerContainer.receiveAndExecute(SimpleMessageListenerContainer.java:854)
org.springframework.amqp.rabbit.listener.SimpleMessageListenerContainer.access$1600(SimpleMessageListenerContainer.java:78)
org.springframework.amqp.rabbit.listener.SimpleMessageListenerContainer$AsyncMessageProcessingConsumer.mainLoop(SimpleMessageListenerContainer.java:1137)
org.springframework.amqp.rabbit.listener.SimpleMessageListenerContainer$AsyncMessageProcessingConsumer.run(SimpleMessageListenerContainer.java:1043)
java.lang.Thread.run(Thread.java:748)
, errorMsg=/ by zero}
2019-05-09 19:51:03 [INFO] [] --> com.wq.mqtttrabbitmq.es.EsClient.addData(EsClient.java:129)[massage] addData response status:201,id:c67c44357b984d108de9a9a217ea1dc1
2019-05-09 19:51:03 [INFO] [] --> com.wq.mqtttrabbitmq.es.EsClient.addData(EsClient.java:129)[massage] addData response status:201,id:e21162b1599b40fe9546718dfed0b30e
2019-05-09 19:51:03 [INFO] [] --> com.wq.mqtttrabbitmq.rabbitmq.listener.ListenerStorage.onMessageLog(ListenerStorage.java:270)[massage] onMessageLog消费消息成功，jsonObject={exception=java.lang.ArithmeticException, logLevel=ERROR, city=0|0|0|内网IP|内网IP, logMessage=onMessagePriority2消费消息失败，id=6,level=6,message=MailMessageModel(id=6, to=853280347@qq.com, subject=测试RabbitMQ发送邮件5555, text=<html><head></head><body><h1>邮件测试</h1><p>hello!this is mail test。</p></body></html>, level=6), ip=192.168.3.68, logThread=org.springframework.amqp.rabbit.RabbitListenerEndpointContainer#5-1, methodName=onMessagePriority2, className=com.wq.mqtttrabbitmq.rabbitmq.listener.ListenerStorage, time=2019-05-09 19:51:02, stackTrace=
com.wq.mqtttrabbitmq.rabbitmq.listener.ListenerStorage.onMessagePriority2(ListenerStorage.java:235)
sun.reflect.GeneratedMethodAccessor257.invoke(null:-1)
sun.reflect.DelegatingMethodAccessorImpl.invoke(DelegatingMethodAccessorImpl.java:45005)
java.lang.reflect.Method.invoke(Method.java:498)
org.springframework.messaging.handler.invocation.InvocableHandlerMethod.doInvoke(InvocableHandlerMethod.java:170)
org.springframework.messaging.handler.invocation.InvocableHandlerMethod.invoke(InvocableHandlerMethod.java:120)
org.springframework.amqp.rabbit.listener.adapter.HandlerAdapter.invoke(HandlerAdapter.java:49)
org.springframework.amqp.rabbit.listener.adapter.MessagingMessageListenerAdapter.invokeHandler(MessagingMessageListenerAdapter.java:190)
org.springframework.amqp.rabbit.listener.adapter.MessagingMessageListenerAdapter.onMessage(MessagingMessageListenerAdapter.java:127)
org.springframework.amqp.rabbit.listener.AbstractMessageListenerContainer.doInvokeListener(AbstractMessageListenerContainer.java:1552)
org.springframework.amqp.rabbit.listener.AbstractMessageListenerContainer.actualInvokeListener(AbstractMessageListenerContainer.java:1478)
org.springframework.amqp.rabbit.listener.AbstractMessageListenerContainer.invokeListener(AbstractMessageListenerContainer.java:1466)
org.springframework.amqp.rabbit.listener.AbstractMessageListenerContainer.doExecuteListener(AbstractMessageListenerContainer.java:1461)
org.springframework.amqp.rabbit.listener.AbstractMessageListenerContainer.executeListener(AbstractMessageListenerContainer.java:1410)
org.springframework.amqp.rabbit.listener.SimpleMessageListenerContainer.doReceiveAndExecute(SimpleMessageListenerContainer.java:870)
org.springframework.amqp.rabbit.listener.SimpleMessageListenerContainer.receiveAndExecute(SimpleMessageListenerContainer.java:854)
org.springframework.amqp.rabbit.listener.SimpleMessageListenerContainer.access$1600(SimpleMessageListenerContainer.java:78)
org.springframework.amqp.rabbit.listener.SimpleMessageListenerContainer$AsyncMessageProcessingConsumer.mainLoop(SimpleMessageListenerContainer.java:1137)
org.springframework.amqp.rabbit.listener.SimpleMessageListenerContainer$AsyncMessageProcessingConsumer.run(SimpleMessageListenerContainer.java:1043)
java.lang.Thread.run(Thread.java:748)
, errorMsg=/ by zero}
2019-05-09 19:51:03 [INFO] [] --> com.wq.mqtttrabbitmq.rabbitmq.listener.ListenerStorage.onMessageLog(ListenerStorage.java:270)[massage] onMessageLog消费消息成功，jsonObject={exception=java.lang.ArithmeticException, logLevel=ERROR, city=0|0|0|内网IP|内网IP, logMessage=onMessagePriority2消费消息失败，id=7,level=5,message=MailMessageModel(id=7, to=853280347@qq.com, subject=测试RabbitMQ发送邮件5555, text=<html><head></head><body><h1>邮件测试</h1><p>hello!this is mail test。</p></body></html>, level=5), ip=192.168.3.68, logThread=org.springframework.amqp.rabbit.RabbitListenerEndpointContainer#5-3, methodName=onMessagePriority2, className=com.wq.mqtttrabbitmq.rabbitmq.listener.ListenerStorage, time=2019-05-09 19:51:02, stackTrace=
com.wq.mqtttrabbitmq.rabbitmq.listener.ListenerStorage.onMessagePriority2(ListenerStorage.java:235)
sun.reflect.GeneratedMethodAccessor257.invoke(null:-1)
sun.reflect.DelegatingMethodAccessorImpl.invoke(DelegatingMethodAccessorImpl.java:45005)
java.lang.reflect.Method.invoke(Method.java:498)
org.springframework.messaging.handler.invocation.InvocableHandlerMethod.doInvoke(InvocableHandlerMethod.java:170)
org.springframework.messaging.handler.invocation.InvocableHandlerMethod.invoke(InvocableHandlerMethod.java:120)
org.springframework.amqp.rabbit.listener.adapter.HandlerAdapter.invoke(HandlerAdapter.java:49)
org.springframework.amqp.rabbit.listener.adapter.MessagingMessageListenerAdapter.invokeHandler(MessagingMessageListenerAdapter.java:190)
org.springframework.amqp.rabbit.listener.adapter.MessagingMessageListenerAdapter.onMessage(MessagingMessageListenerAdapter.java:127)
org.springframework.amqp.rabbit.listener.AbstractMessageListenerContainer.doInvokeListener(AbstractMessageListenerContainer.java:1552)
org.springframework.amqp.rabbit.listener.AbstractMessageListenerContainer.actualInvokeListener(AbstractMessageListenerContainer.java:1478)
org.springframework.amqp.rabbit.listener.AbstractMessageListenerContainer.invokeListener(AbstractMessageListenerContainer.java:1466)
org.springframework.amqp.rabbit.listener.AbstractMessageListenerContainer.doExecuteListener(AbstractMessageListenerContainer.java:1461)
org.springframework.amqp.rabbit.listener.AbstractMessageListenerContainer.executeListener(AbstractMessageListenerContainer.java:1410)
org.springframework.amqp.rabbit.listener.SimpleMessageListenerContainer.doReceiveAndExecute(SimpleMessageListenerContainer.java:870)
org.springframework.amqp.rabbit.listener.SimpleMessageListenerContainer.receiveAndExecute(SimpleMessageListenerContainer.java:854)
org.springframework.amqp.rabbit.listener.SimpleMessageListenerContainer.access$1600(SimpleMessageListenerContainer.java:78)
org.springframework.amqp.rabbit.listener.SimpleMessageListenerContainer$AsyncMessageProcessingConsumer.mainLoop(SimpleMessageListenerContainer.java:1137)
org.springframework.amqp.rabbit.listener.SimpleMessageListenerContainer$AsyncMessageProcessingConsumer.run(SimpleMessageListenerContainer.java:1043)
java.lang.Thread.run(Thread.java:748)
, errorMsg=/ by zero}
2019-05-09 19:51:03 [INFO] [] --> com.wq.mqtttrabbitmq.es.EsClient.addData(EsClient.java:129)[massage] addData response status:201,id:ceab2f4d86434c98a0c62e0cfdb4f9a0
2019-05-09 19:51:03 [INFO] [] --> com.wq.mqtttrabbitmq.es.EsClient.addData(EsClient.java:129)[massage] addData response status:201,id:77e4c83490ee43878f6623f9fa814ba9
2019-05-09 19:51:03 [INFO] [] --> com.wq.mqtttrabbitmq.rabbitmq.listener.ListenerStorage.onMessageLog(ListenerStorage.java:270)[massage] onMessageLog消费消息成功，jsonObject={exception=java.lang.ArithmeticException, logLevel=ERROR, city=0|0|0|内网IP|内网IP, logMessage=onMessagePriority2消费消息失败，id=9,level=1,message=MailMessageModel(id=9, to=853280347@qq.com, subject=测试RabbitMQ发送邮件5555, text=<html><head></head><body><h1>邮件测试</h1><p>hello!this is mail test。</p></body></html>, level=1), ip=192.168.3.68, logThread=org.springframework.amqp.rabbit.RabbitListenerEndpointContainer#5-1, methodName=onMessagePriority2, className=com.wq.mqtttrabbitmq.rabbitmq.listener.ListenerStorage, time=2019-05-09 19:51:02, stackTrace=
com.wq.mqtttrabbitmq.rabbitmq.listener.ListenerStorage.onMessagePriority2(ListenerStorage.java:235)
sun.reflect.GeneratedMethodAccessor257.invoke(null:-1)
sun.reflect.DelegatingMethodAccessorImpl.invoke(DelegatingMethodAccessorImpl.java:45005)
java.lang.reflect.Method.invoke(Method.java:498)
org.springframework.messaging.handler.invocation.InvocableHandlerMethod.doInvoke(InvocableHandlerMethod.java:170)
org.springframework.messaging.handler.invocation.InvocableHandlerMethod.invoke(InvocableHandlerMethod.java:120)
org.springframework.amqp.rabbit.listener.adapter.HandlerAdapter.invoke(HandlerAdapter.java:49)
org.springframework.amqp.rabbit.listener.adapter.MessagingMessageListenerAdapter.invokeHandler(MessagingMessageListenerAdapter.java:190)
org.springframework.amqp.rabbit.listener.adapter.MessagingMessageListenerAdapter.onMessage(MessagingMessageListenerAdapter.java:127)
org.springframework.amqp.rabbit.listener.AbstractMessageListenerContainer.doInvokeListener(AbstractMessageListenerContainer.java:1552)
org.springframework.amqp.rabbit.listener.AbstractMessageListenerContainer.actualInvokeListener(AbstractMessageListenerContainer.java:1478)
org.springframework.amqp.rabbit.listener.AbstractMessageListenerContainer.invokeListener(AbstractMessageListenerContainer.java:1466)
org.springframework.amqp.rabbit.listener.AbstractMessageListenerContainer.doExecuteListener(AbstractMessageListenerContainer.java:1461)
org.springframework.amqp.rabbit.listener.AbstractMessageListenerContainer.executeListener(AbstractMessageListenerContainer.java:1410)
org.springframework.amqp.rabbit.listener.SimpleMessageListenerContainer.doReceiveAndExecute(SimpleMessageListenerContainer.java:870)
org.springframework.amqp.rabbit.listener.SimpleMessageListenerContainer.receiveAndExecute(SimpleMessageListenerContainer.java:854)
org.springframework.amqp.rabbit.listener.SimpleMessageListenerContainer.access$1600(SimpleMessageListenerContainer.java:78)
org.springframework.amqp.rabbit.listener.SimpleMessageListenerContainer$AsyncMessageProcessingConsumer.mainLoop(SimpleMessageListenerContainer.java:1137)
org.springframework.amqp.rabbit.listener.SimpleMessageListenerContainer$AsyncMessageProcessingConsumer.run(SimpleMessageListenerContainer.java:1043)
java.lang.Thread.run(Thread.java:748)
, errorMsg=/ by zero}
2019-05-09 19:51:03 [INFO] [] --> com.wq.mqtttrabbitmq.rabbitmq.listener.ListenerStorage.onMessageLog(ListenerStorage.java:270)[massage] onMessageLog消费消息成功，jsonObject={exception=java.lang.ArithmeticException, logLevel=ERROR, city=0|0|0|内网IP|内网IP, logMessage=onMessagePriority2消费消息失败，id=8,level=9,message=MailMessageModel(id=8, to=853280347@qq.com, subject=测试RabbitMQ发送邮件5555, text=<html><head></head><body><h1>邮件测试</h1><p>hello!this is mail test。</p></body></html>, level=9), ip=192.168.3.68, logThread=org.springframework.amqp.rabbit.RabbitListenerEndpointContainer#5-2, methodName=onMessagePriority2, className=com.wq.mqtttrabbitmq.rabbitmq.listener.ListenerStorage, time=2019-05-09 19:51:02, stackTrace=
com.wq.mqtttrabbitmq.rabbitmq.listener.ListenerStorage.onMessagePriority2(ListenerStorage.java:235)
sun.reflect.GeneratedMethodAccessor257.invoke(null:-1)
sun.reflect.DelegatingMethodAccessorImpl.invoke(DelegatingMethodAccessorImpl.java:45005)
java.lang.reflect.Method.invoke(Method.java:498)
org.springframework.messaging.handler.invocation.InvocableHandlerMethod.doInvoke(InvocableHandlerMethod.java:170)
org.springframework.messaging.handler.invocation.InvocableHandlerMethod.invoke(InvocableHandlerMethod.java:120)
org.springframework.amqp.rabbit.listener.adapter.HandlerAdapter.invoke(HandlerAdapter.java:49)
org.springframework.amqp.rabbit.listener.adapter.MessagingMessageListenerAdapter.invokeHandler(MessagingMessageListenerAdapter.java:190)
org.springframework.amqp.rabbit.listener.adapter.MessagingMessageListenerAdapter.onMessage(MessagingMessageListenerAdapter.java:127)
org.springframework.amqp.rabbit.listener.AbstractMessageListenerContainer.doInvokeListener(AbstractMessageListenerContainer.java:1552)
org.springframework.amqp.rabbit.listener.AbstractMessageListenerContainer.actualInvokeListener(AbstractMessageListenerContainer.java:1478)
org.springframework.amqp.rabbit.listener.AbstractMessageListenerContainer.invokeListener(AbstractMessageListenerContainer.java:1466)
org.springframework.amqp.rabbit.listener.AbstractMessageListenerContainer.doExecuteListener(AbstractMessageListenerContainer.java:1461)
org.springframework.amqp.rabbit.listener.AbstractMessageListenerContainer.executeListener(AbstractMessageListenerContainer.java:1410)
org.springframework.amqp.rabbit.listener.SimpleMessageListenerContainer.doReceiveAndExecute(SimpleMessageListenerContainer.java:870)
org.springframework.amqp.rabbit.listener.SimpleMessageListenerContainer.receiveAndExecute(SimpleMessageListenerContainer.java:854)
org.springframework.amqp.rabbit.listener.SimpleMessageListenerContainer.access$1600(SimpleMessageListenerContainer.java:78)
org.springframework.amqp.rabbit.listener.SimpleMessageListenerContainer$AsyncMessageProcessingConsumer.mainLoop(SimpleMessageListenerContainer.java:1137)
org.springframework.amqp.rabbit.listener.SimpleMessageListenerContainer$AsyncMessageProcessingConsumer.run(SimpleMessageListenerContainer.java:1043)
java.lang.Thread.run(Thread.java:748)
, errorMsg=/ by zero}
