2019-05-06 20:29:53 [WARN] [] --> org.springframework.amqp.rabbit.connection.CachingConnectionFactory.<init>(CachingConnectionFactory.java:264)[massage] ***
Automatic Recovery was Enabled in the provided connection factory;
while Spring AMQP is generally compatible with this feature, there
are some corner cases where problems arise. Spring AMQP
prefers to use its own recovery mechanisms; when this option is true, you may receive
'AutoRecoverConnectionNotCurrentlyOpenException's until the connection is recovered.
It has therefore been disabled; if you really wish to enable it, use
'getRabbitConnectionFactory().setAutomaticRecoveryEnabled(true)',
but this is discouraged.
2019-05-09 19:50:50 [WARN] [] --> org.springframework.amqp.rabbit.connection.CachingConnectionFactory.<init>(CachingConnectionFactory.java:264)[massage] ***
Automatic Recovery was Enabled in the provided connection factory;
while Spring AMQP is generally compatible with this feature, there
are some corner cases where problems arise. Spring AMQP
prefers to use its own recovery mechanisms; when this option is true, you may receive
'AutoRecoverConnectionNotCurrentlyOpenException's until the connection is recovered.
It has therefore been disabled; if you really wish to enable it, use
'getRabbitConnectionFactory().setAutomaticRecoveryEnabled(true)',
but this is discouraged.
2019-05-09 19:51:02 [WARN] [] --> org.springframework.amqp.rabbit.listener.ConditionalRejectingErrorHandler.log(ConditionalRejectingErrorHandler.java:117)[massage] Execution of Rabbit message listener failed.
org.springframework.amqp.rabbit.listener.exception.ListenerExecutionFailedException: Listener method 'public void com.wq.mqtttrabbitmq.rabbitmq.listener.ListenerStorage.onMessagePriority2(com.wq.mqtttrabbitmq.rabbitmq.bean.MailMessageModel,com.rabbitmq.client.Channel,long) throws java.lang.Exception' threw exception
	at org.springframework.amqp.rabbit.listener.adapter.MessagingMessageListenerAdapter.invokeHandler(MessagingMessageListenerAdapter.java:198) ~[spring-rabbit-2.1.5.RELEASE.jar:2.1.5.RELEASE]
	at org.springframework.amqp.rabbit.listener.adapter.MessagingMessageListenerAdapter.onMessage(MessagingMessageListenerAdapter.java:127) ~[spring-rabbit-2.1.5.RELEASE.jar:2.1.5.RELEASE]
	at org.springframework.amqp.rabbit.listener.AbstractMessageListenerContainer.doInvokeListener(AbstractMessageListenerContainer.java:1552) ~[spring-rabbit-2.1.5.RELEASE.jar:2.1.5.RELEASE]
	at org.springframework.amqp.rabbit.listener.AbstractMessageListenerContainer.actualInvokeListener(AbstractMessageListenerContainer.java:1478) ~[spring-rabbit-2.1.5.RELEASE.jar:2.1.5.RELEASE]
	at org.springframework.amqp.rabbit.listener.AbstractMessageListenerContainer.invokeListener(AbstractMessageListenerContainer.java:1466) [spring-rabbit-2.1.5.RELEASE.jar:2.1.5.RELEASE]
	at org.springframework.amqp.rabbit.listener.AbstractMessageListenerContainer.doExecuteListener(AbstractMessageListenerContainer.java:1461) [spring-rabbit-2.1.5.RELEASE.jar:2.1.5.RELEASE]
	at org.springframework.amqp.rabbit.listener.AbstractMessageListenerContainer.executeListener(AbstractMessageListenerContainer.java:1410) [spring-rabbit-2.1.5.RELEASE.jar:2.1.5.RELEASE]
	at org.springframework.amqp.rabbit.listener.SimpleMessageListenerContainer.doReceiveAndExecute(SimpleMessageListenerContainer.java:870) [spring-rabbit-2.1.5.RELEASE.jar:2.1.5.RELEASE]
	at org.springframework.amqp.rabbit.listener.SimpleMessageListenerContainer.receiveAndExecute(SimpleMessageListenerContainer.java:854) [spring-rabbit-2.1.5.RELEASE.jar:2.1.5.RELEASE]
	at org.springframework.amqp.rabbit.listener.SimpleMessageListenerContainer.access$1600(SimpleMessageListenerContainer.java:78) [spring-rabbit-2.1.5.RELEASE.jar:2.1.5.RELEASE]
	at org.springframework.amqp.rabbit.listener.SimpleMessageListenerContainer$AsyncMessageProcessingConsumer.mainLoop(SimpleMessageListenerContainer.java:1137) [spring-rabbit-2.1.5.RELEASE.jar:2.1.5.RELEASE]
	at org.springframework.amqp.rabbit.listener.SimpleMessageListenerContainer$AsyncMessageProcessingConsumer.run(SimpleMessageListenerContainer.java:1043) [spring-rabbit-2.1.5.RELEASE.jar:2.1.5.RELEASE]
	at java.lang.Thread.run(Thread.java:748) [?:1.8.0_201]
Caused by: java.lang.ArithmeticException: / by zero
	at com.wq.mqtttrabbitmq.rabbitmq.listener.ListenerStorage.onMessagePriority2(ListenerStorage.java:235) ~[classes/:?]
	at sun.reflect.GeneratedMethodAccessor257.invoke(Unknown Source) ~[?:?]
	at sun.reflect.DelegatingMethodAccessorImpl.invoke(DelegatingMethodAccessorImpl.java:45005) ~[?:1.8.0_201]
	at java.lang.reflect.Method.invoke(Method.java:498) ~[?:1.8.0_201]
	at org.springframework.messaging.handler.invocation.InvocableHandlerMethod.doInvoke(InvocableHandlerMethod.java:170) ~[spring-messaging-5.1.6.RELEASE.jar:5.1.6.RELEASE]
	at org.springframework.messaging.handler.invocation.InvocableHandlerMethod.invoke(InvocableHandlerMethod.java:120) ~[spring-messaging-5.1.6.RELEASE.jar:5.1.6.RELEASE]
	at org.springframework.amqp.rabbit.listener.adapter.HandlerAdapter.invoke(HandlerAdapter.java:49) ~[spring-rabbit-2.1.5.RELEASE.jar:2.1.5.RELEASE]
	at org.springframework.amqp.rabbit.listener.adapter.MessagingMessageListenerAdapter.invokeHandler(MessagingMessageListenerAdapter.java:190) ~[spring-rabbit-2.1.5.RELEASE.jar:2.1.5.RELEASE]
	... 12 more
2019-05-09 19:51:02 [WARN] [] --> org.springframework.amqp.rabbit.listener.ConditionalRejectingErrorHandler.log(ConditionalRejectingErrorHandler.java:117)[massage] Execution of Rabbit message listener failed.
org.springframework.amqp.rabbit.listener.exception.ListenerExecutionFailedException: Listener method 'public void com.wq.mqtttrabbitmq.rabbitmq.listener.ListenerStorage.onMessagePriority2(com.wq.mqtttrabbitmq.rabbitmq.bean.MailMessageModel,com.rabbitmq.client.Channel,long) throws java.lang.Exception' threw exception
	at org.springframework.amqp.rabbit.listener.adapter.MessagingMessageListenerAdapter.invokeHandler(MessagingMessageListenerAdapter.java:198) ~[spring-rabbit-2.1.5.RELEASE.jar:2.1.5.RELEASE]
	at org.springframework.amqp.rabbit.listener.adapter.MessagingMessageListenerAdapter.onMessage(MessagingMessageListenerAdapter.java:127) ~[spring-rabbit-2.1.5.RELEASE.jar:2.1.5.RELEASE]
	at org.springframework.amqp.rabbit.listener.AbstractMessageListenerContainer.doInvokeListener(AbstractMessageListenerContainer.java:1552) ~[spring-rabbit-2.1.5.RELEASE.jar:2.1.5.RELEASE]
	at org.springframework.amqp.rabbit.listener.AbstractMessageListenerContainer.actualInvokeListener(AbstractMessageListenerContainer.java:1478) ~[spring-rabbit-2.1.5.RELEASE.jar:2.1.5.RELEASE]
	at org.springframework.amqp.rabbit.listener.AbstractMessageListenerContainer.invokeListener(AbstractMessageListenerContainer.java:1466) [spring-rabbit-2.1.5.RELEASE.jar:2.1.5.RELEASE]
	at org.springframework.amqp.rabbit.listener.AbstractMessageListenerContainer.doExecuteListener(AbstractMessageListenerContainer.java:1461) [spring-rabbit-2.1.5.RELEASE.jar:2.1.5.RELEASE]
	at org.springframework.amqp.rabbit.listener.AbstractMessageListenerContainer.executeListener(AbstractMessageListenerContainer.java:1410) [spring-rabbit-2.1.5.RELEASE.jar:2.1.5.RELEASE]
	at org.springframework.amqp.rabbit.listener.SimpleMessageListenerContainer.doReceiveAndExecute(SimpleMessageListenerContainer.java:870) [spring-rabbit-2.1.5.RELEASE.jar:2.1.5.RELEASE]
	at org.springframework.amqp.rabbit.listener.SimpleMessageListenerContainer.receiveAndExecute(SimpleMessageListenerContainer.java:854) [spring-rabbit-2.1.5.RELEASE.jar:2.1.5.RELEASE]
	at org.springframework.amqp.rabbit.listener.SimpleMessageListenerContainer.access$1600(SimpleMessageListenerContainer.java:78) [spring-rabbit-2.1.5.RELEASE.jar:2.1.5.RELEASE]
	at org.springframework.amqp.rabbit.listener.SimpleMessageListenerContainer$AsyncMessageProcessingConsumer.mainLoop(SimpleMessageListenerContainer.java:1137) [spring-rabbit-2.1.5.RELEASE.jar:2.1.5.RELEASE]
	at org.springframework.amqp.rabbit.listener.SimpleMessageListenerContainer$AsyncMessageProcessingConsumer.run(SimpleMessageListenerContainer.java:1043) [spring-rabbit-2.1.5.RELEASE.jar:2.1.5.RELEASE]
	at java.lang.Thread.run(Thread.java:748) [?:1.8.0_201]
Caused by: java.lang.ArithmeticException: / by zero
	at com.wq.mqtttrabbitmq.rabbitmq.listener.ListenerStorage.onMessagePriority2(ListenerStorage.java:235) ~[classes/:?]
	at sun.reflect.GeneratedMethodAccessor256.invoke(Unknown Source) ~[?:?]
	at sun.reflect.DelegatingMethodAccessorImpl.invoke(DelegatingMethodAccessorImpl.java:45005) ~[?:1.8.0_201]
	at java.lang.reflect.Method.invoke(Method.java:498) ~[?:1.8.0_201]
	at org.springframework.messaging.handler.invocation.InvocableHandlerMethod.doInvoke(InvocableHandlerMethod.java:170) ~[spring-messaging-5.1.6.RELEASE.jar:5.1.6.RELEASE]
	at org.springframework.messaging.handler.invocation.InvocableHandlerMethod.invoke(InvocableHandlerMethod.java:120) ~[spring-messaging-5.1.6.RELEASE.jar:5.1.6.RELEASE]
	at org.springframework.amqp.rabbit.listener.adapter.HandlerAdapter.invoke(HandlerAdapter.java:49) ~[spring-rabbit-2.1.5.RELEASE.jar:2.1.5.RELEASE]
	at org.springframework.amqp.rabbit.listener.adapter.MessagingMessageListenerAdapter.invokeHandler(MessagingMessageListenerAdapter.java:190) ~[spring-rabbit-2.1.5.RELEASE.jar:2.1.5.RELEASE]
	... 12 more
2019-05-09 19:51:02 [WARN] [] --> org.springframework.amqp.rabbit.listener.ConditionalRejectingErrorHandler.log(ConditionalRejectingErrorHandler.java:117)[massage] Execution of Rabbit message listener failed.
org.springframework.amqp.rabbit.listener.exception.ListenerExecutionFailedException: Listener method 'public void com.wq.mqtttrabbitmq.rabbitmq.listener.ListenerStorage.onMessagePriority2(com.wq.mqtttrabbitmq.rabbitmq.bean.MailMessageModel,com.rabbitmq.client.Channel,long) throws java.lang.Exception' threw exception
	at org.springframework.amqp.rabbit.listener.adapter.MessagingMessageListenerAdapter.invokeHandler(MessagingMessageListenerAdapter.java:198) ~[spring-rabbit-2.1.5.RELEASE.jar:2.1.5.RELEASE]
	at org.springframework.amqp.rabbit.listener.adapter.MessagingMessageListenerAdapter.onMessage(MessagingMessageListenerAdapter.java:127) ~[spring-rabbit-2.1.5.RELEASE.jar:2.1.5.RELEASE]
	at org.springframework.amqp.rabbit.listener.AbstractMessageListenerContainer.doInvokeListener(AbstractMessageListenerContainer.java:1552) ~[spring-rabbit-2.1.5.RELEASE.jar:2.1.5.RELEASE]
	at org.springframework.amqp.rabbit.listener.AbstractMessageListenerContainer.actualInvokeListener(AbstractMessageListenerContainer.java:1478) ~[spring-rabbit-2.1.5.RELEASE.jar:2.1.5.RELEASE]
	at org.springframework.amqp.rabbit.listener.AbstractMessageListenerContainer.invokeListener(AbstractMessageListenerContainer.java:1466) [spring-rabbit-2.1.5.RELEASE.jar:2.1.5.RELEASE]
	at org.springframework.amqp.rabbit.listener.AbstractMessageListenerContainer.doExecuteListener(AbstractMessageListenerContainer.java:1461) [spring-rabbit-2.1.5.RELEASE.jar:2.1.5.RELEASE]
	at org.springframework.amqp.rabbit.listener.AbstractMessageListenerContainer.executeListener(AbstractMessageListenerContainer.java:1410) [spring-rabbit-2.1.5.RELEASE.jar:2.1.5.RELEASE]
	at org.springframework.amqp.rabbit.listener.SimpleMessageListenerContainer.doReceiveAndExecute(SimpleMessageListenerContainer.java:870) [spring-rabbit-2.1.5.RELEASE.jar:2.1.5.RELEASE]
	at org.springframework.amqp.rabbit.listener.SimpleMessageListenerContainer.receiveAndExecute(SimpleMessageListenerContainer.java:854) [spring-rabbit-2.1.5.RELEASE.jar:2.1.5.RELEASE]
	at org.springframework.amqp.rabbit.listener.SimpleMessageListenerContainer.access$1600(SimpleMessageListenerContainer.java:78) [spring-rabbit-2.1.5.RELEASE.jar:2.1.5.RELEASE]
	at org.springframework.amqp.rabbit.listener.SimpleMessageListenerContainer$AsyncMessageProcessingConsumer.mainLoop(SimpleMessageListenerContainer.java:1137) [spring-rabbit-2.1.5.RELEASE.jar:2.1.5.RELEASE]
	at org.springframework.amqp.rabbit.listener.SimpleMessageListenerContainer$AsyncMessageProcessingConsumer.run(SimpleMessageListenerContainer.java:1043) [spring-rabbit-2.1.5.RELEASE.jar:2.1.5.RELEASE]
	at java.lang.Thread.run(Thread.java:748) [?:1.8.0_201]
Caused by: java.lang.ArithmeticException: / by zero
	at com.wq.mqtttrabbitmq.rabbitmq.listener.ListenerStorage.onMessagePriority2(ListenerStorage.java:235) ~[classes/:?]
	at sun.reflect.GeneratedMethodAccessor256.invoke(Unknown Source) ~[?:?]
	at sun.reflect.DelegatingMethodAccessorImpl.invoke(DelegatingMethodAccessorImpl.java:45005) ~[?:1.8.0_201]
	at java.lang.reflect.Method.invoke(Method.java:498) ~[?:1.8.0_201]
	at org.springframework.messaging.handler.invocation.InvocableHandlerMethod.doInvoke(InvocableHandlerMethod.java:170) ~[spring-messaging-5.1.6.RELEASE.jar:5.1.6.RELEASE]
	at org.springframework.messaging.handler.invocation.InvocableHandlerMethod.invoke(InvocableHandlerMethod.java:120) ~[spring-messaging-5.1.6.RELEASE.jar:5.1.6.RELEASE]
	at org.springframework.amqp.rabbit.listener.adapter.HandlerAdapter.invoke(HandlerAdapter.java:49) ~[spring-rabbit-2.1.5.RELEASE.jar:2.1.5.RELEASE]
	at org.springframework.amqp.rabbit.listener.adapter.MessagingMessageListenerAdapter.invokeHandler(MessagingMessageListenerAdapter.java:190) ~[spring-rabbit-2.1.5.RELEASE.jar:2.1.5.RELEASE]
	... 12 more
2019-05-09 19:51:02 [WARN] [] --> org.springframework.amqp.rabbit.listener.ConditionalRejectingErrorHandler.log(ConditionalRejectingErrorHandler.java:117)[massage] Execution of Rabbit message listener failed.
org.springframework.amqp.rabbit.listener.exception.ListenerExecutionFailedException: Listener method 'public void com.wq.mqtttrabbitmq.rabbitmq.listener.ListenerStorage.onMessagePriority2(com.wq.mqtttrabbitmq.rabbitmq.bean.MailMessageModel,com.rabbitmq.client.Channel,long) throws java.lang.Exception' threw exception
	at org.springframework.amqp.rabbit.listener.adapter.MessagingMessageListenerAdapter.invokeHandler(MessagingMessageListenerAdapter.java:198) ~[spring-rabbit-2.1.5.RELEASE.jar:2.1.5.RELEASE]
	at org.springframework.amqp.rabbit.listener.adapter.MessagingMessageListenerAdapter.onMessage(MessagingMessageListenerAdapter.java:127) ~[spring-rabbit-2.1.5.RELEASE.jar:2.1.5.RELEASE]
	at org.springframework.amqp.rabbit.listener.AbstractMessageListenerContainer.doInvokeListener(AbstractMessageListenerContainer.java:1552) ~[spring-rabbit-2.1.5.RELEASE.jar:2.1.5.RELEASE]
	at org.springframework.amqp.rabbit.listener.AbstractMessageListenerContainer.actualInvokeListener(AbstractMessageListenerContainer.java:1478) ~[spring-rabbit-2.1.5.RELEASE.jar:2.1.5.RELEASE]
	at org.springframework.amqp.rabbit.listener.AbstractMessageListenerContainer.invokeListener(AbstractMessageListenerContainer.java:1466) [spring-rabbit-2.1.5.RELEASE.jar:2.1.5.RELEASE]
	at org.springframework.amqp.rabbit.listener.AbstractMessageListenerContainer.doExecuteListener(AbstractMessageListenerContainer.java:1461) [spring-rabbit-2.1.5.RELEASE.jar:2.1.5.RELEASE]
	at org.springframework.amqp.rabbit.listener.AbstractMessageListenerContainer.executeListener(AbstractMessageListenerContainer.java:1410) [spring-rabbit-2.1.5.RELEASE.jar:2.1.5.RELEASE]
	at org.springframework.amqp.rabbit.listener.SimpleMessageListenerContainer.doReceiveAndExecute(SimpleMessageListenerContainer.java:870) [spring-rabbit-2.1.5.RELEASE.jar:2.1.5.RELEASE]
	at org.springframework.amqp.rabbit.listener.SimpleMessageListenerContainer.receiveAndExecute(SimpleMessageListenerContainer.java:854) [spring-rabbit-2.1.5.RELEASE.jar:2.1.5.RELEASE]
	at org.springframework.amqp.rabbit.listener.SimpleMessageListenerContainer.access$1600(SimpleMessageListenerContainer.java:78) [spring-rabbit-2.1.5.RELEASE.jar:2.1.5.RELEASE]
	at org.springframework.amqp.rabbit.listener.SimpleMessageListenerContainer$AsyncMessageProcessingConsumer.mainLoop(SimpleMessageListenerContainer.java:1137) [spring-rabbit-2.1.5.RELEASE.jar:2.1.5.RELEASE]
	at org.springframework.amqp.rabbit.listener.SimpleMessageListenerContainer$AsyncMessageProcessingConsumer.run(SimpleMessageListenerContainer.java:1043) [spring-rabbit-2.1.5.RELEASE.jar:2.1.5.RELEASE]
	at java.lang.Thread.run(Thread.java:748) [?:1.8.0_201]
Caused by: java.lang.ArithmeticException: / by zero
	at com.wq.mqtttrabbitmq.rabbitmq.listener.ListenerStorage.onMessagePriority2(ListenerStorage.java:235) ~[classes/:?]
	at sun.reflect.GeneratedMethodAccessor257.invoke(Unknown Source) ~[?:?]
	at sun.reflect.DelegatingMethodAccessorImpl.invoke(DelegatingMethodAccessorImpl.java:45005) ~[?:1.8.0_201]
	at java.lang.reflect.Method.invoke(Method.java:498) ~[?:1.8.0_201]
	at org.springframework.messaging.handler.invocation.InvocableHandlerMethod.doInvoke(InvocableHandlerMethod.java:170) ~[spring-messaging-5.1.6.RELEASE.jar:5.1.6.RELEASE]
	at org.springframework.messaging.handler.invocation.InvocableHandlerMethod.invoke(InvocableHandlerMethod.java:120) ~[spring-messaging-5.1.6.RELEASE.jar:5.1.6.RELEASE]
	at org.springframework.amqp.rabbit.listener.adapter.HandlerAdapter.invoke(HandlerAdapter.java:49) ~[spring-rabbit-2.1.5.RELEASE.jar:2.1.5.RELEASE]
	at org.springframework.amqp.rabbit.listener.adapter.MessagingMessageListenerAdapter.invokeHandler(MessagingMessageListenerAdapter.java:190) ~[spring-rabbit-2.1.5.RELEASE.jar:2.1.5.RELEASE]
	... 12 more
2019-05-09 19:51:02 [WARN] [] --> org.springframework.amqp.rabbit.listener.ConditionalRejectingErrorHandler.log(ConditionalRejectingErrorHandler.java:117)[massage] Execution of Rabbit message listener failed.
org.springframework.amqp.rabbit.listener.exception.ListenerExecutionFailedException: Listener method 'public void com.wq.mqtttrabbitmq.rabbitmq.listener.ListenerStorage.onMessagePriority2(com.wq.mqtttrabbitmq.rabbitmq.bean.MailMessageModel,com.rabbitmq.client.Channel,long) throws java.lang.Exception' threw exception
	at org.springframework.amqp.rabbit.listener.adapter.MessagingMessageListenerAdapter.invokeHandler(MessagingMessageListenerAdapter.java:198) ~[spring-rabbit-2.1.5.RELEASE.jar:2.1.5.RELEASE]
	at org.springframework.amqp.rabbit.listener.adapter.MessagingMessageListenerAdapter.onMessage(MessagingMessageListenerAdapter.java:127) ~[spring-rabbit-2.1.5.RELEASE.jar:2.1.5.RELEASE]
	at org.springframework.amqp.rabbit.listener.AbstractMessageListenerContainer.doInvokeListener(AbstractMessageListenerContainer.java:1552) ~[spring-rabbit-2.1.5.RELEASE.jar:2.1.5.RELEASE]
	at org.springframework.amqp.rabbit.listener.AbstractMessageListenerContainer.actualInvokeListener(AbstractMessageListenerContainer.java:1478) ~[spring-rabbit-2.1.5.RELEASE.jar:2.1.5.RELEASE]
	at org.springframework.amqp.rabbit.listener.AbstractMessageListenerContainer.invokeListener(AbstractMessageListenerContainer.java:1466) [spring-rabbit-2.1.5.RELEASE.jar:2.1.5.RELEASE]
	at org.springframework.amqp.rabbit.listener.AbstractMessageListenerContainer.doExecuteListener(AbstractMessageListenerContainer.java:1461) [spring-rabbit-2.1.5.RELEASE.jar:2.1.5.RELEASE]
	at org.springframework.amqp.rabbit.listener.AbstractMessageListenerContainer.executeListener(AbstractMessageListenerContainer.java:1410) [spring-rabbit-2.1.5.RELEASE.jar:2.1.5.RELEASE]
	at org.springframework.amqp.rabbit.listener.SimpleMessageListenerContainer.doReceiveAndExecute(SimpleMessageListenerContainer.java:870) [spring-rabbit-2.1.5.RELEASE.jar:2.1.5.RELEASE]
	at org.springframework.amqp.rabbit.listener.SimpleMessageListenerContainer.receiveAndExecute(SimpleMessageListenerContainer.java:854) [spring-rabbit-2.1.5.RELEASE.jar:2.1.5.RELEASE]
	at org.springframework.amqp.rabbit.listener.SimpleMessageListenerContainer.access$1600(SimpleMessageListenerContainer.java:78) [spring-rabbit-2.1.5.RELEASE.jar:2.1.5.RELEASE]
	at org.springframework.amqp.rabbit.listener.SimpleMessageListenerContainer$AsyncMessageProcessingConsumer.mainLoop(SimpleMessageListenerContainer.java:1137) [spring-rabbit-2.1.5.RELEASE.jar:2.1.5.RELEASE]
	at org.springframework.amqp.rabbit.listener.SimpleMessageListenerContainer$AsyncMessageProcessingConsumer.run(SimpleMessageListenerContainer.java:1043) [spring-rabbit-2.1.5.RELEASE.jar:2.1.5.RELEASE]
	at java.lang.Thread.run(Thread.java:748) [?:1.8.0_201]
Caused by: java.lang.ArithmeticException: / by zero
	at com.wq.mqtttrabbitmq.rabbitmq.listener.ListenerStorage.onMessagePriority2(ListenerStorage.java:235) ~[classes/:?]
	at sun.reflect.GeneratedMethodAccessor257.invoke(Unknown Source) ~[?:?]
	at sun.reflect.DelegatingMethodAccessorImpl.invoke(DelegatingMethodAccessorImpl.java:45005) ~[?:1.8.0_201]
	at java.lang.reflect.Method.invoke(Method.java:498) ~[?:1.8.0_201]
	at org.springframework.messaging.handler.invocation.InvocableHandlerMethod.doInvoke(InvocableHandlerMethod.java:170) ~[spring-messaging-5.1.6.RELEASE.jar:5.1.6.RELEASE]
	at org.springframework.messaging.handler.invocation.InvocableHandlerMethod.invoke(InvocableHandlerMethod.java:120) ~[spring-messaging-5.1.6.RELEASE.jar:5.1.6.RELEASE]
	at org.springframework.amqp.rabbit.listener.adapter.HandlerAdapter.invoke(HandlerAdapter.java:49) ~[spring-rabbit-2.1.5.RELEASE.jar:2.1.5.RELEASE]
	at org.springframework.amqp.rabbit.listener.adapter.MessagingMessageListenerAdapter.invokeHandler(MessagingMessageListenerAdapter.java:190) ~[spring-rabbit-2.1.5.RELEASE.jar:2.1.5.RELEASE]
	... 12 more
2019-05-09 19:51:02 [WARN] [] --> org.springframework.amqp.rabbit.listener.ConditionalRejectingErrorHandler.log(ConditionalRejectingErrorHandler.java:117)[massage] Execution of Rabbit message listener failed.
org.springframework.amqp.rabbit.listener.exception.ListenerExecutionFailedException: Listener method 'public void com.wq.mqtttrabbitmq.rabbitmq.listener.ListenerStorage.onMessagePriority2(com.wq.mqtttrabbitmq.rabbitmq.bean.MailMessageModel,com.rabbitmq.client.Channel,long) throws java.lang.Exception' threw exception
	at org.springframework.amqp.rabbit.listener.adapter.MessagingMessageListenerAdapter.invokeHandler(MessagingMessageListenerAdapter.java:198) ~[spring-rabbit-2.1.5.RELEASE.jar:2.1.5.RELEASE]
	at org.springframework.amqp.rabbit.listener.adapter.MessagingMessageListenerAdapter.onMessage(MessagingMessageListenerAdapter.java:127) ~[spring-rabbit-2.1.5.RELEASE.jar:2.1.5.RELEASE]
	at org.springframework.amqp.rabbit.listener.AbstractMessageListenerContainer.doInvokeListener(AbstractMessageListenerContainer.java:1552) ~[spring-rabbit-2.1.5.RELEASE.jar:2.1.5.RELEASE]
	at org.springframework.amqp.rabbit.listener.AbstractMessageListenerContainer.actualInvokeListener(AbstractMessageListenerContainer.java:1478) ~[spring-rabbit-2.1.5.RELEASE.jar:2.1.5.RELEASE]
	at org.springframework.amqp.rabbit.listener.AbstractMessageListenerContainer.invokeListener(AbstractMessageListenerContainer.java:1466) [spring-rabbit-2.1.5.RELEASE.jar:2.1.5.RELEASE]
	at org.springframework.amqp.rabbit.listener.AbstractMessageListenerContainer.doExecuteListener(AbstractMessageListenerContainer.java:1461) [spring-rabbit-2.1.5.RELEASE.jar:2.1.5.RELEASE]
	at org.springframework.amqp.rabbit.listener.AbstractMessageListenerContainer.executeListener(AbstractMessageListenerContainer.java:1410) [spring-rabbit-2.1.5.RELEASE.jar:2.1.5.RELEASE]
	at org.springframework.amqp.rabbit.listener.SimpleMessageListenerContainer.doReceiveAndExecute(SimpleMessageListenerContainer.java:870) [spring-rabbit-2.1.5.RELEASE.jar:2.1.5.RELEASE]
	at org.springframework.amqp.rabbit.listener.SimpleMessageListenerContainer.receiveAndExecute(SimpleMessageListenerContainer.java:854) [spring-rabbit-2.1.5.RELEASE.jar:2.1.5.RELEASE]
	at org.springframework.amqp.rabbit.listener.SimpleMessageListenerContainer.access$1600(SimpleMessageListenerContainer.java:78) [spring-rabbit-2.1.5.RELEASE.jar:2.1.5.RELEASE]
	at org.springframework.amqp.rabbit.listener.SimpleMessageListenerContainer$AsyncMessageProcessingConsumer.mainLoop(SimpleMessageListenerContainer.java:1137) [spring-rabbit-2.1.5.RELEASE.jar:2.1.5.RELEASE]
	at org.springframework.amqp.rabbit.listener.SimpleMessageListenerContainer$AsyncMessageProcessingConsumer.run(SimpleMessageListenerContainer.java:1043) [spring-rabbit-2.1.5.RELEASE.jar:2.1.5.RELEASE]
	at java.lang.Thread.run(Thread.java:748) [?:1.8.0_201]
Caused by: java.lang.ArithmeticException: / by zero
	at com.wq.mqtttrabbitmq.rabbitmq.listener.ListenerStorage.onMessagePriority2(ListenerStorage.java:235) ~[classes/:?]
	at sun.reflect.GeneratedMethodAccessor257.invoke(Unknown Source) ~[?:?]
	at sun.reflect.DelegatingMethodAccessorImpl.invoke(DelegatingMethodAccessorImpl.java:45005) ~[?:1.8.0_201]
	at java.lang.reflect.Method.invoke(Method.java:498) ~[?:1.8.0_201]
	at org.springframework.messaging.handler.invocation.InvocableHandlerMethod.doInvoke(InvocableHandlerMethod.java:170) ~[spring-messaging-5.1.6.RELEASE.jar:5.1.6.RELEASE]
	at org.springframework.messaging.handler.invocation.InvocableHandlerMethod.invoke(InvocableHandlerMethod.java:120) ~[spring-messaging-5.1.6.RELEASE.jar:5.1.6.RELEASE]
	at org.springframework.amqp.rabbit.listener.adapter.HandlerAdapter.invoke(HandlerAdapter.java:49) ~[spring-rabbit-2.1.5.RELEASE.jar:2.1.5.RELEASE]
	at org.springframework.amqp.rabbit.listener.adapter.MessagingMessageListenerAdapter.invokeHandler(MessagingMessageListenerAdapter.java:190) ~[spring-rabbit-2.1.5.RELEASE.jar:2.1.5.RELEASE]
	... 12 more
2019-05-09 19:51:02 [WARN] [] --> org.springframework.amqp.rabbit.listener.ConditionalRejectingErrorHandler.log(ConditionalRejectingErrorHandler.java:117)[massage] Execution of Rabbit message listener failed.
org.springframework.amqp.rabbit.listener.exception.ListenerExecutionFailedException: Listener method 'public void com.wq.mqtttrabbitmq.rabbitmq.listener.ListenerStorage.onMessagePriority2(com.wq.mqtttrabbitmq.rabbitmq.bean.MailMessageModel,com.rabbitmq.client.Channel,long) throws java.lang.Exception' threw exception
	at org.springframework.amqp.rabbit.listener.adapter.MessagingMessageListenerAdapter.invokeHandler(MessagingMessageListenerAdapter.java:198) ~[spring-rabbit-2.1.5.RELEASE.jar:2.1.5.RELEASE]
	at org.springframework.amqp.rabbit.listener.adapter.MessagingMessageListenerAdapter.onMessage(MessagingMessageListenerAdapter.java:127) ~[spring-rabbit-2.1.5.RELEASE.jar:2.1.5.RELEASE]
	at org.springframework.amqp.rabbit.listener.AbstractMessageListenerContainer.doInvokeListener(AbstractMessageListenerContainer.java:1552) ~[spring-rabbit-2.1.5.RELEASE.jar:2.1.5.RELEASE]
	at org.springframework.amqp.rabbit.listener.AbstractMessageListenerContainer.actualInvokeListener(AbstractMessageListenerContainer.java:1478) ~[spring-rabbit-2.1.5.RELEASE.jar:2.1.5.RELEASE]
	at org.springframework.amqp.rabbit.listener.AbstractMessageListenerContainer.invokeListener(AbstractMessageListenerContainer.java:1466) [spring-rabbit-2.1.5.RELEASE.jar:2.1.5.RELEASE]
	at org.springframework.amqp.rabbit.listener.AbstractMessageListenerContainer.doExecuteListener(AbstractMessageListenerContainer.java:1461) [spring-rabbit-2.1.5.RELEASE.jar:2.1.5.RELEASE]
	at org.springframework.amqp.rabbit.listener.AbstractMessageListenerContainer.executeListener(AbstractMessageListenerContainer.java:1410) [spring-rabbit-2.1.5.RELEASE.jar:2.1.5.RELEASE]
	at org.springframework.amqp.rabbit.listener.SimpleMessageListenerContainer.doReceiveAndExecute(SimpleMessageListenerContainer.java:870) [spring-rabbit-2.1.5.RELEASE.jar:2.1.5.RELEASE]
	at org.springframework.amqp.rabbit.listener.SimpleMessageListenerContainer.receiveAndExecute(SimpleMessageListenerContainer.java:854) [spring-rabbit-2.1.5.RELEASE.jar:2.1.5.RELEASE]
	at org.springframework.amqp.rabbit.listener.SimpleMessageListenerContainer.access$1600(SimpleMessageListenerContainer.java:78) [spring-rabbit-2.1.5.RELEASE.jar:2.1.5.RELEASE]
	at org.springframework.amqp.rabbit.listener.SimpleMessageListenerContainer$AsyncMessageProcessingConsumer.mainLoop(SimpleMessageListenerContainer.java:1137) [spring-rabbit-2.1.5.RELEASE.jar:2.1.5.RELEASE]
	at org.springframework.amqp.rabbit.listener.SimpleMessageListenerContainer$AsyncMessageProcessingConsumer.run(SimpleMessageListenerContainer.java:1043) [spring-rabbit-2.1.5.RELEASE.jar:2.1.5.RELEASE]
	at java.lang.Thread.run(Thread.java:748) [?:1.8.0_201]
Caused by: java.lang.ArithmeticException: / by zero
	at com.wq.mqtttrabbitmq.rabbitmq.listener.ListenerStorage.onMessagePriority2(ListenerStorage.java:235) ~[classes/:?]
	at sun.reflect.GeneratedMethodAccessor257.invoke(Unknown Source) ~[?:?]
	at sun.reflect.DelegatingMethodAccessorImpl.invoke(DelegatingMethodAccessorImpl.java:45005) ~[?:1.8.0_201]
	at java.lang.reflect.Method.invoke(Method.java:498) ~[?:1.8.0_201]
	at org.springframework.messaging.handler.invocation.InvocableHandlerMethod.doInvoke(InvocableHandlerMethod.java:170) ~[spring-messaging-5.1.6.RELEASE.jar:5.1.6.RELEASE]
	at org.springframework.messaging.handler.invocation.InvocableHandlerMethod.invoke(InvocableHandlerMethod.java:120) ~[spring-messaging-5.1.6.RELEASE.jar:5.1.6.RELEASE]
	at org.springframework.amqp.rabbit.listener.adapter.HandlerAdapter.invoke(HandlerAdapter.java:49) ~[spring-rabbit-2.1.5.RELEASE.jar:2.1.5.RELEASE]
	at org.springframework.amqp.rabbit.listener.adapter.MessagingMessageListenerAdapter.invokeHandler(MessagingMessageListenerAdapter.java:190) ~[spring-rabbit-2.1.5.RELEASE.jar:2.1.5.RELEASE]
	... 12 more
2019-05-09 19:51:02 [WARN] [] --> org.springframework.amqp.rabbit.listener.ConditionalRejectingErrorHandler.log(ConditionalRejectingErrorHandler.java:117)[massage] Execution of Rabbit message listener failed.
org.springframework.amqp.rabbit.listener.exception.ListenerExecutionFailedException: Listener method 'public void com.wq.mqtttrabbitmq.rabbitmq.listener.ListenerStorage.onMessagePriority2(com.wq.mqtttrabbitmq.rabbitmq.bean.MailMessageModel,com.rabbitmq.client.Channel,long) throws java.lang.Exception' threw exception
	at org.springframework.amqp.rabbit.listener.adapter.MessagingMessageListenerAdapter.invokeHandler(MessagingMessageListenerAdapter.java:198) ~[spring-rabbit-2.1.5.RELEASE.jar:2.1.5.RELEASE]
	at org.springframework.amqp.rabbit.listener.adapter.MessagingMessageListenerAdapter.onMessage(MessagingMessageListenerAdapter.java:127) ~[spring-rabbit-2.1.5.RELEASE.jar:2.1.5.RELEASE]
	at org.springframework.amqp.rabbit.listener.AbstractMessageListenerContainer.doInvokeListener(AbstractMessageListenerContainer.java:1552) ~[spring-rabbit-2.1.5.RELEASE.jar:2.1.5.RELEASE]
	at org.springframework.amqp.rabbit.listener.AbstractMessageListenerContainer.actualInvokeListener(AbstractMessageListenerContainer.java:1478) ~[spring-rabbit-2.1.5.RELEASE.jar:2.1.5.RELEASE]
	at org.springframework.amqp.rabbit.listener.AbstractMessageListenerContainer.invokeListener(AbstractMessageListenerContainer.java:1466) [spring-rabbit-2.1.5.RELEASE.jar:2.1.5.RELEASE]
	at org.springframework.amqp.rabbit.listener.AbstractMessageListenerContainer.doExecuteListener(AbstractMessageListenerContainer.java:1461) [spring-rabbit-2.1.5.RELEASE.jar:2.1.5.RELEASE]
	at org.springframework.amqp.rabbit.listener.AbstractMessageListenerContainer.executeListener(AbstractMessageListenerContainer.java:1410) [spring-rabbit-2.1.5.RELEASE.jar:2.1.5.RELEASE]
	at org.springframework.amqp.rabbit.listener.SimpleMessageListenerContainer.doReceiveAndExecute(SimpleMessageListenerContainer.java:870) [spring-rabbit-2.1.5.RELEASE.jar:2.1.5.RELEASE]
	at org.springframework.amqp.rabbit.listener.SimpleMessageListenerContainer.receiveAndExecute(SimpleMessageListenerContainer.java:854) [spring-rabbit-2.1.5.RELEASE.jar:2.1.5.RELEASE]
	at org.springframework.amqp.rabbit.listener.SimpleMessageListenerContainer.access$1600(SimpleMessageListenerContainer.java:78) [spring-rabbit-2.1.5.RELEASE.jar:2.1.5.RELEASE]
	at org.springframework.amqp.rabbit.listener.SimpleMessageListenerContainer$AsyncMessageProcessingConsumer.mainLoop(SimpleMessageListenerContainer.java:1137) [spring-rabbit-2.1.5.RELEASE.jar:2.1.5.RELEASE]
	at org.springframework.amqp.rabbit.listener.SimpleMessageListenerContainer$AsyncMessageProcessingConsumer.run(SimpleMessageListenerContainer.java:1043) [spring-rabbit-2.1.5.RELEASE.jar:2.1.5.RELEASE]
	at java.lang.Thread.run(Thread.java:748) [?:1.8.0_201]
Caused by: java.lang.ArithmeticException: / by zero
	at com.wq.mqtttrabbitmq.rabbitmq.listener.ListenerStorage.onMessagePriority2(ListenerStorage.java:235) ~[classes/:?]
	at sun.reflect.GeneratedMethodAccessor257.invoke(Unknown Source) ~[?:?]
	at sun.reflect.DelegatingMethodAccessorImpl.invoke(DelegatingMethodAccessorImpl.java:45005) ~[?:1.8.0_201]
	at java.lang.reflect.Method.invoke(Method.java:498) ~[?:1.8.0_201]
	at org.springframework.messaging.handler.invocation.InvocableHandlerMethod.doInvoke(InvocableHandlerMethod.java:170) ~[spring-messaging-5.1.6.RELEASE.jar:5.1.6.RELEASE]
	at org.springframework.messaging.handler.invocation.InvocableHandlerMethod.invoke(InvocableHandlerMethod.java:120) ~[spring-messaging-5.1.6.RELEASE.jar:5.1.6.RELEASE]
	at org.springframework.amqp.rabbit.listener.adapter.HandlerAdapter.invoke(HandlerAdapter.java:49) ~[spring-rabbit-2.1.5.RELEASE.jar:2.1.5.RELEASE]
	at org.springframework.amqp.rabbit.listener.adapter.MessagingMessageListenerAdapter.invokeHandler(MessagingMessageListenerAdapter.java:190) ~[spring-rabbit-2.1.5.RELEASE.jar:2.1.5.RELEASE]
	... 12 more
2019-05-09 19:51:02 [WARN] [] --> org.springframework.amqp.rabbit.listener.ConditionalRejectingErrorHandler.log(ConditionalRejectingErrorHandler.java:117)[massage] Execution of Rabbit message listener failed.
org.springframework.amqp.rabbit.listener.exception.ListenerExecutionFailedException: Listener method 'public void com.wq.mqtttrabbitmq.rabbitmq.listener.ListenerStorage.onMessagePriority2(com.wq.mqtttrabbitmq.rabbitmq.bean.MailMessageModel,com.rabbitmq.client.Channel,long) throws java.lang.Exception' threw exception
	at org.springframework.amqp.rabbit.listener.adapter.MessagingMessageListenerAdapter.invokeHandler(MessagingMessageListenerAdapter.java:198) ~[spring-rabbit-2.1.5.RELEASE.jar:2.1.5.RELEASE]
	at org.springframework.amqp.rabbit.listener.adapter.MessagingMessageListenerAdapter.onMessage(MessagingMessageListenerAdapter.java:127) ~[spring-rabbit-2.1.5.RELEASE.jar:2.1.5.RELEASE]
	at org.springframework.amqp.rabbit.listener.AbstractMessageListenerContainer.doInvokeListener(AbstractMessageListenerContainer.java:1552) ~[spring-rabbit-2.1.5.RELEASE.jar:2.1.5.RELEASE]
	at org.springframework.amqp.rabbit.listener.AbstractMessageListenerContainer.actualInvokeListener(AbstractMessageListenerContainer.java:1478) ~[spring-rabbit-2.1.5.RELEASE.jar:2.1.5.RELEASE]
	at org.springframework.amqp.rabbit.listener.AbstractMessageListenerContainer.invokeListener(AbstractMessageListenerContainer.java:1466) [spring-rabbit-2.1.5.RELEASE.jar:2.1.5.RELEASE]
	at org.springframework.amqp.rabbit.listener.AbstractMessageListenerContainer.doExecuteListener(AbstractMessageListenerContainer.java:1461) [spring-rabbit-2.1.5.RELEASE.jar:2.1.5.RELEASE]
	at org.springframework.amqp.rabbit.listener.AbstractMessageListenerContainer.executeListener(AbstractMessageListenerContainer.java:1410) [spring-rabbit-2.1.5.RELEASE.jar:2.1.5.RELEASE]
	at org.springframework.amqp.rabbit.listener.SimpleMessageListenerContainer.doReceiveAndExecute(SimpleMessageListenerContainer.java:870) [spring-rabbit-2.1.5.RELEASE.jar:2.1.5.RELEASE]
	at org.springframework.amqp.rabbit.listener.SimpleMessageListenerContainer.receiveAndExecute(SimpleMessageListenerContainer.java:854) [spring-rabbit-2.1.5.RELEASE.jar:2.1.5.RELEASE]
	at org.springframework.amqp.rabbit.listener.SimpleMessageListenerContainer.access$1600(SimpleMessageListenerContainer.java:78) [spring-rabbit-2.1.5.RELEASE.jar:2.1.5.RELEASE]
	at org.springframework.amqp.rabbit.listener.SimpleMessageListenerContainer$AsyncMessageProcessingConsumer.mainLoop(SimpleMessageListenerContainer.java:1137) [spring-rabbit-2.1.5.RELEASE.jar:2.1.5.RELEASE]
	at org.springframework.amqp.rabbit.listener.SimpleMessageListenerContainer$AsyncMessageProcessingConsumer.run(SimpleMessageListenerContainer.java:1043) [spring-rabbit-2.1.5.RELEASE.jar:2.1.5.RELEASE]
	at java.lang.Thread.run(Thread.java:748) [?:1.8.0_201]
Caused by: java.lang.ArithmeticException: / by zero
	at com.wq.mqtttrabbitmq.rabbitmq.listener.ListenerStorage.onMessagePriority2(ListenerStorage.java:235) ~[classes/:?]
	at sun.reflect.GeneratedMethodAccessor257.invoke(Unknown Source) ~[?:?]
	at sun.reflect.DelegatingMethodAccessorImpl.invoke(DelegatingMethodAccessorImpl.java:45005) ~[?:1.8.0_201]
	at java.lang.reflect.Method.invoke(Method.java:498) ~[?:1.8.0_201]
	at org.springframework.messaging.handler.invocation.InvocableHandlerMethod.doInvoke(InvocableHandlerMethod.java:170) ~[spring-messaging-5.1.6.RELEASE.jar:5.1.6.RELEASE]
	at org.springframework.messaging.handler.invocation.InvocableHandlerMethod.invoke(InvocableHandlerMethod.java:120) ~[spring-messaging-5.1.6.RELEASE.jar:5.1.6.RELEASE]
	at org.springframework.amqp.rabbit.listener.adapter.HandlerAdapter.invoke(HandlerAdapter.java:49) ~[spring-rabbit-2.1.5.RELEASE.jar:2.1.5.RELEASE]
	at org.springframework.amqp.rabbit.listener.adapter.MessagingMessageListenerAdapter.invokeHandler(MessagingMessageListenerAdapter.java:190) ~[spring-rabbit-2.1.5.RELEASE.jar:2.1.5.RELEASE]
	... 12 more
2019-05-09 19:51:02 [WARN] [] --> org.springframework.amqp.rabbit.listener.ConditionalRejectingErrorHandler.log(ConditionalRejectingErrorHandler.java:117)[massage] Execution of Rabbit message listener failed.
org.springframework.amqp.rabbit.listener.exception.ListenerExecutionFailedException: Listener method 'public void com.wq.mqtttrabbitmq.rabbitmq.listener.ListenerStorage.onMessagePriority2(com.wq.mqtttrabbitmq.rabbitmq.bean.MailMessageModel,com.rabbitmq.client.Channel,long) throws java.lang.Exception' threw exception
	at org.springframework.amqp.rabbit.listener.adapter.MessagingMessageListenerAdapter.invokeHandler(MessagingMessageListenerAdapter.java:198) ~[spring-rabbit-2.1.5.RELEASE.jar:2.1.5.RELEASE]
	at org.springframework.amqp.rabbit.listener.adapter.MessagingMessageListenerAdapter.onMessage(MessagingMessageListenerAdapter.java:127) ~[spring-rabbit-2.1.5.RELEASE.jar:2.1.5.RELEASE]
	at org.springframework.amqp.rabbit.listener.AbstractMessageListenerContainer.doInvokeListener(AbstractMessageListenerContainer.java:1552) ~[spring-rabbit-2.1.5.RELEASE.jar:2.1.5.RELEASE]
	at org.springframework.amqp.rabbit.listener.AbstractMessageListenerContainer.actualInvokeListener(AbstractMessageListenerContainer.java:1478) ~[spring-rabbit-2.1.5.RELEASE.jar:2.1.5.RELEASE]
	at org.springframework.amqp.rabbit.listener.AbstractMessageListenerContainer.invokeListener(AbstractMessageListenerContainer.java:1466) [spring-rabbit-2.1.5.RELEASE.jar:2.1.5.RELEASE]
	at org.springframework.amqp.rabbit.listener.AbstractMessageListenerContainer.doExecuteListener(AbstractMessageListenerContainer.java:1461) [spring-rabbit-2.1.5.RELEASE.jar:2.1.5.RELEASE]
	at org.springframework.amqp.rabbit.listener.AbstractMessageListenerContainer.executeListener(AbstractMessageListenerContainer.java:1410) [spring-rabbit-2.1.5.RELEASE.jar:2.1.5.RELEASE]
	at org.springframework.amqp.rabbit.listener.SimpleMessageListenerContainer.doReceiveAndExecute(SimpleMessageListenerContainer.java:870) [spring-rabbit-2.1.5.RELEASE.jar:2.1.5.RELEASE]
	at org.springframework.amqp.rabbit.listener.SimpleMessageListenerContainer.receiveAndExecute(SimpleMessageListenerContainer.java:854) [spring-rabbit-2.1.5.RELEASE.jar:2.1.5.RELEASE]
	at org.springframework.amqp.rabbit.listener.SimpleMessageListenerContainer.access$1600(SimpleMessageListenerContainer.java:78) [spring-rabbit-2.1.5.RELEASE.jar:2.1.5.RELEASE]
	at org.springframework.amqp.rabbit.listener.SimpleMessageListenerContainer$AsyncMessageProcessingConsumer.mainLoop(SimpleMessageListenerContainer.java:1137) [spring-rabbit-2.1.5.RELEASE.jar:2.1.5.RELEASE]
	at org.springframework.amqp.rabbit.listener.SimpleMessageListenerContainer$AsyncMessageProcessingConsumer.run(SimpleMessageListenerContainer.java:1043) [spring-rabbit-2.1.5.RELEASE.jar:2.1.5.RELEASE]
	at java.lang.Thread.run(Thread.java:748) [?:1.8.0_201]
Caused by: java.lang.ArithmeticException: / by zero
	at com.wq.mqtttrabbitmq.rabbitmq.listener.ListenerStorage.onMessagePriority2(ListenerStorage.java:235) ~[classes/:?]
	at sun.reflect.GeneratedMethodAccessor257.invoke(Unknown Source) ~[?:?]
	at sun.reflect.DelegatingMethodAccessorImpl.invoke(DelegatingMethodAccessorImpl.java:45005) ~[?:1.8.0_201]
	at java.lang.reflect.Method.invoke(Method.java:498) ~[?:1.8.0_201]
	at org.springframework.messaging.handler.invocation.InvocableHandlerMethod.doInvoke(InvocableHandlerMethod.java:170) ~[spring-messaging-5.1.6.RELEASE.jar:5.1.6.RELEASE]
	at org.springframework.messaging.handler.invocation.InvocableHandlerMethod.invoke(InvocableHandlerMethod.java:120) ~[spring-messaging-5.1.6.RELEASE.jar:5.1.6.RELEASE]
	at org.springframework.amqp.rabbit.listener.adapter.HandlerAdapter.invoke(HandlerAdapter.java:49) ~[spring-rabbit-2.1.5.RELEASE.jar:2.1.5.RELEASE]
	at org.springframework.amqp.rabbit.listener.adapter.MessagingMessageListenerAdapter.invokeHandler(MessagingMessageListenerAdapter.java:190) ~[spring-rabbit-2.1.5.RELEASE.jar:2.1.5.RELEASE]
	... 12 more
